

Number of nodes: 500
Number of edge multiples: 1
Infection probability: 0.5
Patient zero: 1
1,5,4,0,
1,5,20,32,32,48,51,40,30,20,13,8,3,2,2,1,1,1,1,1,0,
1,6,37,69,121,157,162,152,137,118,106,90,79,66,53,31,17,12,6,2,1,0,
1,8,23,39,39,39,31,23,14,8,6,3,3,2,2,0,
1,6,12,31,63,89,111,109,107,94,86,78,56,42,31,26,20,15,13,10,7,4,2,1,0,
1,5,32,56,75,83,73,55,50,38,30,26,20,12,7,5,4,2,1,1,0,
1,4,18,29,55,74,82,99,106,113,113,97,83,66,49,38,31,26,20,16,13,5,3,2,1,0,
1,5,28,53,66,82,68,49,38,28,17,10,9,9,6,5,2,0,
1,8,30,66,110,174,217,229,235,222,203,184,164,134,99,70,49,32,22,15,5,5,3,1,1,0,
1,6,19,34,50,51,41,32,32,23,18,11,8,9,7,4,4,3,3,2,1,1,1,1,0,
Generated graph with 500 nodes and 499 edges


Number of nodes: 500
Number of edge multiples: 2
Infection probability: 0.5
Patient zero: 1
1,8,55,110,156,136,97,48,21,3,0,
1,4,21,60,158,246,299,219,102,36,12,2,0,
1,15,78,192,285,279,168,77,20,6,1,0,
1,11,33,123,237,262,176,80,31,9,3,0,
1,9,57,159,251,219,133,59,18,3,2,0,
1,6,57,165,269,256,165,83,30,5,3,0,
1,12,75,182,274,222,111,38,14,4,0,
1,8,69,177,295,288,170,69,24,8,2,0,
1,11,66,173,268,262,176,71,30,10,3,0,
1,13,30,111,225,243,169,90,37,15,7,4,1,1,0,
Generated graph with 500 nodes and 996 edges


Number of nodes: 500
Number of edge multiples: 3
Infection probability: 0.5
Patient zero: 1
1,22,85,199,197,67,17,3,0,
1,18,89,236,246,120,20,4,1,0,
1,17,89,248,291,140,31,4,2,0,
1,29,125,275,234,82,19,4,0,
1,20,131,290,259,100,25,5,0,
1,16,86,199,158,54,12,1,0,
1,19,68,159,192,81,15,3,0,
1,23,96,206,229,100,21,3,0,
1,16,72,169,183,86,14,3,1,0,
1,13,80,184,200,82,15,2,1,0,
Generated graph with 500 nodes and 1491 edges


Number of nodes: 500
Number of edge multiples: 4
Infection probability: 0.5
Patient zero: 1
1,8,33,162,264,89,7,0,
1,6,27,190,359,210,26,4,0,
1,6,23,98,189,77,13,0,
1,7,26,105,143,49,7,3,1,0,
1,7,34,149,239,87,3,0,
1,8,59,267,425,281,56,3,0,
1,2,13,45,106,111,53,5,1,0,
1,9,29,92,115,47,9,2,0,
1,7,56,261,246,52,3,0,
1,9,57,205,253,67,1,0,
Generated graph with 500 nodes and 1984 edges


Number of nodes: 500
Number of edge multiples: 5
Infection probability: 0.5
Patient zero: 1
1,26,148,268,63,1,0,
1,25,100,126,16,0,
1,28,161,210,25,0,
1,26,152,217,25,1,0,
1,26,161,227,34,2,0,
1,22,106,183,37,2,0,
1,21,112,108,28,4,0,
1,27,102,124,18,0,
1,24,100,149,42,3,0,
1,26,120,146,28,1,0,
Generated graph with 500 nodes and 2475 edges


Number of nodes: 1000
Number of edge multiples: 1
Infection probability: 0.5
Patient zero: 1
1,44,114,214,279,324,334,294,247,195,143,109,87,67,51,37,25,17,14,9,5,1,0,
1,40,123,231,349,421,413,385,337,284,219,166,110,72,48,30,16,11,9,5,4,3,2,1,1,1,0,
1,34,105,167,217,244,257,250,236,203,171,128,110,90,69,50,36,25,13,8,4,2,2,1,0,
1,50,126,208,294,392,479,554,613,665,712,737,752,723,652,557,443,331,242,167,123,89,57,44,29,24,14,9,6,4,3,2,2,1,1,0,
1,34,106,167,194,198,176,167,137,96,64,45,33,24,15,7,5,2,0,
1,40,100,186,299,352,361,342,310,262,220,181,149,118,85,62,48,31,26,18,15,10,7,6,4,3,2,0,
1,42,120,207,265,295,274,252,228,195,167,134,104,76,51,34,26,17,13,9,5,3,2,1,0,
1,43,135,232,330,384,388,373,321,259,214,162,118,75,49,35,28,23,18,15,11,6,3,1,0,
1,41,114,210,284,345,358,313,260,224,188,150,114,78,57,42,27,18,12,8,7,5,5,4,1,1,0,
1,36,119,215,330,428,531,613,638,592,500,403,330,275,231,185,149,118,84,62,49,35,30,24,16,10,8,2,0,
Generated graph with 1000 nodes and 999 edges


Number of nodes: 1000
Number of edge multiples: 2
Infection probability: 0.5
Patient zero: 1
1,3,13,18,41,144,249,274,217,136,59,34,9,3,0,
1,2,2,4,6,19,73,118,187,195,171,105,61,22,7,6,2,1,0,
1,4,19,64,179,337,409,324,186,77,22,9,2,2,1,0,
1,2,4,6,20,61,144,282,340,287,165,77,27,12,2,0,
1,3,14,37,88,188,325,399,291,185,83,31,14,3,0,
1,4,57,117,256,390,341,190,81,28,11,4,0,
1,3,13,77,154,282,331,246,109,38,13,7,6,2,1,0,
1,4,58,182,373,593,567,337,148,46,15,1,0,
1,5,12,28,73,166,270,264,202,111,46,13,8,1,0,
1,2,10,88,177,297,395,323,171,74,25,10,3,0,
Generated graph with 1000 nodes and 1996 edges


Number of nodes: 1000
Number of edge multiples: 3
Infection probability: 0.5
Patient zero: 1
1,8,43,218,549,574,232,38,7,0,
1,12,87,349,587,383,95,15,4,0,
1,10,79,334,615,464,139,22,2,0,
1,9,42,155,319,291,97,25,4,0,
1,12,43,198,550,658,314,67,8,0,
1,11,64,303,667,692,315,57,8,0,
1,12,46,196,487,441,155,28,1,1,0,
1,16,63,250,539,469,162,33,3,0,
1,11,41,137,253,211,98,26,7,1,0,
1,15,79,291,562,394,96,14,4,0,
Generated graph with 1000 nodes and 2991 edges


Number of nodes: 1000
Number of edge multiples: 4
Infection probability: 0.5
Patient zero: 1
1,15,139,521,585,154,8,0,
1,17,123,466,407,70,7,1,0,
1,15,139,508,692,284,28,2,0,
1,16,118,444,527,152,11,2,0,
1,15,137,468,447,78,6,1,0,
1,18,174,595,612,169,9,0,
1,16,92,417,721,351,47,2,0,
1,14,68,317,528,185,16,1,0,
1,19,125,494,619,205,14,1,0,
1,15,105,383,361,91,9,1,0,
Generated graph with 1000 nodes and 3984 edges


Number of nodes: 1000
Number of edge multiples: 5
Infection probability: 0.5
Patient zero: 1
1,12,64,302,680,242,12,0,
1,16,141,426,204,13,1,0,
1,16,78,300,224,20,0,
1,13,149,505,205,9,0,
1,15,111,401,269,18,1,0,
1,14,172,616,417,38,0,
1,18,186,617,356,30,0,
1,17,101,312,174,13,1,0,
1,20,115,378,198,12,0,
1,12,146,430,159,9,0,
Generated graph with 1000 nodes and 4975 edges


Number of nodes: 5000
Number of edge multiples: 1
Infection probability: 0.5
Patient zero: 1
1,100,259,441,652,894,1102,1325,1392,1426,1362,1279,1162,1047,925,798,679,539,423,320,259,198,157,119,90,73,60,57,46,38,30,22,14,9,3,2,1,0,
1,105,342,688,1167,1653,2141,2631,3071,3367,3478,3401,3206,2969,2714,2481,2228,1942,1671,1390,1133,918,727,585,454,367,282,218,159,122,90,53,34,18,13,5,3,3,2,1,0,
1,109,327,704,1141,1602,1977,2236,2472,2554,2502,2360,2148,1896,1625,1364,1108,852,653,484,356,242,157,115,74,50,35,15,7,4,2,2,2,2,1,1,0,
1,95,286,615,1003,1451,1951,2367,2707,2949,3014,2909,2656,2325,2005,1696,1371,1081,851,658,519,387,288,214,163,122,88,62,40,27,19,12,8,5,4,3,3,1,0,
1,103,241,443,789,1105,1331,1456,1443,1362,1251,1127,958,778,589,437,322,228,166,124,78,57,38,27,20,14,9,7,5,2,1,1,1,0,
1,103,337,713,1224,1736,2224,2682,3077,3409,3712,3939,4148,4295,4314,4225,3996,3699,3378,2982,2559,2131,1695,1330,1011,736,535,380,254,177,112,64,32,13,9,7,4,2,2,1,1,1,1,0,
1,104,310,572,1006,1466,1806,2135,2383,2475,2356,2226,2002,1791,1585,1434,1226,1034,865,678,539,400,279,220,170,131,94,73,57,39,23,19,10,7,4,4,4,4,2,1,0,
1,106,251,465,615,773,931,989,1036,1028,1031,983,912,847,774,657,557,469,369,284,207,156,111,74,49,30,20,11,6,6,3,2,0,
1,107,295,582,955,1277,1552,1716,1833,1850,1749,1536,1321,1137,927,742,581,455,346,254,181,126,89,60,40,22,13,5,4,2,2,0,
1,97,308,617,1017,1451,1911,2331,2658,2889,2935,2792,2545,2263,1940,1670,1437,1183,964,759,586,432,321,221,160,104,52,32,16,11,8,6,4,2,1,0,
Generated graph with 5000 nodes and 4999 edges


Number of nodes: 5000
Number of edge multiples: 2
Infection probability: 0.5
Patient zero: 1
1,59,225,930,1976,2511,1968,965,378,130,35,7,1,0,
1,48,217,753,1675,2185,1723,842,322,102,34,7,3,2,1,0,
1,61,226,740,1592,2141,1861,1006,389,122,34,7,2,0,
1,59,289,1064,2393,3186,2615,1396,487,132,29,6,2,0,
1,68,206,810,1965,2896,2621,1514,602,185,46,10,2,1,0,
1,59,276,995,2185,2855,2258,1199,449,138,42,12,1,1,0,
1,64,294,1089,2409,3149,2559,1292,435,124,45,14,4,0,
1,53,207,748,1803,2741,2501,1495,594,173,46,13,8,4,1,0,
1,68,232,703,1560,2015,1643,845,341,123,35,11,6,3,0,
1,68,323,1002,2126,2699,1979,934,340,101,31,6,1,0,
Generated graph with 5000 nodes and 9996 edges


Number of nodes: 5000
Number of edge multiples: 3
Infection probability: 0.5
Patient zero: 1
1,22,132,707,1780,1980,820,180,29,3,0,
1,16,194,975,2387,2148,723,116,18,5,1,0,
1,14,67,479,1727,2861,1906,489,71,13,6,2,1,0,
1,14,196,1126,3031,3393,1557,319,51,5,1,0,
1,15,182,736,1660,1613,611,122,14,2,0,
1,15,169,1024,2786,3296,1668,373,50,6,0,
1,15,214,1100,2967,3597,1971,432,58,7,2,0,
1,21,249,1311,3315,3872,2320,579,85,12,2,0,
1,20,328,1471,3204,3008,1081,215,25,3,0,
1,14,93,597,2003,2684,1427,312,43,4,0,
Generated graph with 5000 nodes and 14991 edges


Number of nodes: 5000
Number of edge multiples: 4
Infection probability: 0.5
Patient zero: 1
1,29,198,908,1984,1066,144,6,0,
1,27,470,2130,2774,743,66,2,1,0,
1,21,170,810,1897,1204,182,19,1,0,
1,31,471,2133,2974,970,87,8,0,
1,24,204,1151,2684,1540,207,17,0,
1,33,288,1153,1784,653,61,7,0,
1,27,217,1057,2079,970,113,10,0,
1,24,319,1541,2461,878,88,5,0,
1,25,234,1424,2867,1389,192,8,0,
1,32,292,1335,2063,727,69,6,0,
Generated graph with 5000 nodes and 19984 edges


Number of nodes: 5000
Number of edge multiples: 5
Infection probability: 0.5
Patient zero: 1
1,40,468,1835,1544,157,5,0,
1,39,238,1272,1558,225,10,1,0,
1,36,304,1499,1498,178,11,1,0,
1,35,268,1373,1528,211,8,0,
1,41,289,1351,1468,222,5,1,0,
1,37,264,1345,1869,309,18,1,0,
1,35,258,1159,1408,244,11,0,
1,42,475,1948,1782,209,5,0,
1,42,274,1850,2762,565,18,0,
1,35,258,1327,1564,236,10,0,
Generated graph with 5000 nodes and 24975 edges


Number of nodes: 10000
Number of edge multiples: 1
Infection probability: 0.5
Patient zero: 1
1,11,24,41,56,67,72,80,82,89,85,75,69,59,48,43,36,25,24,22,21,14,8,2,1,0,
1,8,28,44,192,478,880,1222,1515,1711,1813,1811,1755,1585,1415,1254,1126,1045,897,718,552,426,326,229,163,101,67,47,26,14,8,3,1,1,1,1,1,1,0,
1,8,22,41,46,47,40,31,24,17,13,10,6,2,0,
1,11,34,67,114,148,171,184,191,184,163,143,109,91,71,60,45,25,17,8,4,3,1,1,0,
1,13,168,489,885,1351,1773,2070,2194,2233,2100,1951,1724,1470,1275,1069,885,758,638,534,461,405,359,329,317,283,235,186,135,96,63,44,34,24,16,12,9,7,4,2,2,2,2,1,1,0,
1,11,29,37,50,64,73,83,78,75,58,51,45,32,22,16,10,9,5,5,3,2,1,1,0,
1,12,190,519,991,1530,2025,2334,2459,2477,2330,2160,1932,1709,1449,1186,963,735,545,407,278,186,130,84,56,32,18,10,8,5,3,3,3,3,2,1,0,
1,12,34,64,82,106,118,133,130,119,110,73,53,36,23,13,10,9,5,3,1,0,
1,9,27,49,72,84,93,99,107,100,90,64,48,36,28,18,12,7,3,2,0,
1,6,16,22,31,52,69,91,120,146,170,198,211,219,213,195,162,133,98,73,57,42,32,24,20,17,13,10,9,6,3,1,0,
Generated graph with 10000 nodes and 9999 edges


Number of nodes: 10000
Number of edge multiples: 2
Infection probability: 0.5
Patient zero: 1
1,48,287,1197,3135,5028,4906,2988,1284,436,131,34,6,3,1,0,
1,41,398,1432,3097,4034,3223,1691,671,239,89,25,9,4,1,0,
1,43,318,1113,2584,3713,3306,1894,776,278,92,31,14,8,4,1,1,0,
1,50,443,1755,3549,4250,3025,1472,528,184,68,19,5,2,1,0,
1,42,457,1674,3865,5392,4610,2445,899,275,90,22,8,1,0,
1,46,369,1282,2736,3620,2914,1561,646,211,57,19,2,2,1,1,1,0,
1,52,222,877,2224,3530,3501,2242,1020,376,136,47,17,6,2,0,
1,53,321,1430,3795,6091,6275,4126,1775,546,167,37,11,2,0,
1,48,483,1979,4436,6097,5331,3020,1188,360,86,21,3,0,
1,46,161,670,1864,3221,3344,2304,1113,445,168,58,16,9,2,2,2,2,2,0,
Generated graph with 10000 nodes and 19996 edges


Number of nodes: 10000
Number of edge multiples: 3
Infection probability: 0.5
Patient zero: 1
1,24,224,1418,4713,6773,4141,1027,146,19,3,0,
1,26,259,1441,4612,6664,3995,875,115,17,0,
1,19,97,596,2825,6024,5129,1672,254,27,2,0,
1,20,194,1126,3703,5543,3152,705,105,13,2,0,
1,20,206,1129,4331,6641,4182,1066,123,11,2,0,
1,21,160,908,3314,5543,3508,874,130,16,0,
1,24,206,1310,4681,7073,4515,1193,142,18,0,
1,26,123,740,2969,5862,4430,1292,203,28,3,0,
1,22,182,978,3652,5937,3697,866,136,14,3,0,
1,26,89,380,1638,4139,4086,1553,298,32,7,0,
Generated graph with 10000 nodes and 29991 edges


Number of nodes: 10000
Number of edge multiples: 4
Infection probability: 0.5
Patient zero: 1
1,84,782,3156,3839,1001,84,6,1,0,
1,77,796,3449,4490,1277,116,11,0,
1,72,647,3191,5359,2025,214,18,1,0,
1,87,603,2934,4810,1701,156,8,0,
1,79,872,3490,4350,1151,98,9,0,
1,80,685,2871,3825,1194,123,17,0,
1,81,910,3959,4594,1192,100,9,0,
1,71,465,2297,4238,1807,204,18,3,0,
1,78,581,2737,4286,1603,173,13,1,0,
1,76,851,3841,4832,1354,107,7,0,
Generated graph with 10000 nodes and 39984 edges


Number of nodes: 10000
Number of edge multiples: 5
Infection probability: 0.5
Patient zero: 1
1,87,869,3558,3068,327,11,0,
1,79,1019,4723,3980,429,7,0,
1,72,737,3962,4616,614,24,1,0,
1,68,660,3421,4092,547,14,1,0,
1,77,690,3357,3482,438,13,1,0,
1,80,868,4169,3886,403,6,1,0,
1,88,934,4340,3677,350,13,0,
1,81,806,4243,5230,846,39,2,0,
1,82,764,3342,3112,378,14,0,
1,75,696,3684,4046,491,11,0,
Generated graph with 10000 nodes and 49975 edges


Number of nodes: 25000
Number of edge multiples: 1
Infection probability: 0.5
Patient zero: 1
1,152,523,1005,1590,2241,2906,3448,3936,4268,4416,4310,4175,3870,3461,3022,2581,2128,1729,1331,987,725,507,362,252,177,127,90,72,64,51,37,30,23,17,13,12,8,4,3,2,1,0,
1,144,447,851,1320,1760,2042,2161,2093,1929,1689,1452,1202,948,748,556,397,263,182,116,73,47,26,18,10,7,4,1,1,1,0,
1,149,462,859,1538,2309,3051,3790,4315,4469,4371,4219,4008,3809,3536,3227,2923,2603,2239,1927,1652,1407,1183,973,801,634,507,390,298,230,174,140,110,89,70,49,34,20,10,8,6,5,0,
1,139,597,1357,2393,3389,4259,4839,5148,5372,5320,5310,5151,4818,4363,3900,3408,2960,2529,2077,1683,1330,983,755,561,408,293,201,132,86,52,30,18,12,8,6,4,2,2,1,0,
1,145,560,1288,2059,2896,3614,3818,3787,3591,3193,2764,2374,1920,1589,1245,939,687,517,355,255,176,118,73,46,29,20,12,9,3,1,1,0,
1,145,558,1245,2057,2711,3134,3292,3289,3079,2737,2413,2017,1633,1303,1043,807,634,492,371,288,212,146,103,69,41,24,12,6,4,2,1,1,1,0,
1,151,525,1258,2463,3902,5504,6947,7999,8503,8686,8546,8134,7469,6618,5755,4985,4250,3610,2978,2421,1900,1487,1182,928,700,539,384,272,198,145,94,53,40,25,13,8,4,2,0,
1,129,495,1296,2482,3809,5062,6085,6852,7413,7594,7505,7087,6559,5900,5204,4434,3777,3121,2599,2107,1656,1260,927,697,501,351,239,167,115,80,59,37,25,15,5,2,1,1,1,1,0,
1,145,614,1528,2835,4529,6257,7865,9265,10261,10900,11246,11227,10992,10449,9615,8755,7760,6788,5796,4877,4113,3487,2956,2549,2227,1923,1657,1403,1159,954,763,611,481,367,279,215,170,130,107,73,50,29,17,6,1,0,
1,153,605,1450,2671,3982,5421,6770,8066,9052,9730,10010,9954,9434,8716,7806,6874,5916,4969,3985,3244,2578,1998,1530,1153,834,595,394,259,178,119,72,42,27,15,9,8,5,2,1,1,1,0,
Generated graph with 25000 nodes and 24999 edges


Number of nodes: 25000
Number of edge multiples: 2
Infection probability: 0.5
Patient zero: 1
1,90,691,3294,9275,15724,16763,11559,5153,1651,470,120,32,15,8,1,0,
1,89,630,2246,6422,11626,12431,8207,3649,1249,374,112,33,11,2,0,
1,87,696,2933,7688,12358,11740,7078,2886,911,266,58,16,4,0,
1,86,678,3066,9147,16731,20524,17794,10756,4388,1325,340,90,24,7,3,0,
1,89,406,2074,6770,13972,17952,15155,8413,3126,926,239,51,13,3,2,0,
1,81,551,2155,6283,11438,12485,8296,3571,1149,354,105,24,7,2,0,
1,80,569,2609,7724,13777,14776,9739,4217,1405,396,99,25,8,5,1,0,
1,85,583,2878,8392,15284,17392,12958,6308,2153,628,169,43,14,3,1,0,
1,84,564,2798,7876,12808,12027,7065,2803,857,246,59,13,3,1,0,
1,78,493,1889,5776,10708,11806,7875,3540,1233,397,137,39,10,2,1,0,
Generated graph with 25000 nodes and 49996 edges


Number of nodes: 25000
Number of edge multiples: 3
Infection probability: 0.5
Patient zero: 1
1,128,1073,5379,13717,14351,5642,970,125,11,1,0,
1,110,916,4667,12373,13060,5257,963,156,20,2,0,
1,116,1174,6194,14571,14345,5463,916,109,11,0,
1,118,885,3896,9846,9876,3788,738,103,15,2,1,0,
1,114,943,5148,13353,13959,5711,1019,140,19,0,
1,126,1120,6034,15276,16709,7856,1601,207,19,4,0,
1,110,864,4917,13154,13947,5754,1058,147,18,2,1,0,
1,111,678,3577,10275,12553,5773,1146,175,24,2,0,
1,116,1026,5750,14126,14062,5426,959,105,13,0,
1,106,622,3330,9045,9971,4202,787,117,18,1,0,
Generated graph with 25000 nodes and 74991 edges


Number of nodes: 25000
Number of edge multiples: 4
Infection probability: 0.5
Patient zero: 1
1,19,357,2699,9331,8916,1812,158,13,0,
1,18,177,1446,7446,12788,4889,471,34,3,0,
1,13,296,2337,9412,11599,3030,256,12,1,0,
1,18,147,1287,6454,11235,4336,459,24,1,0,
1,15,114,1069,5163,9610,4376,521,57,3,0,
1,13,305,2907,11338,12943,3182,237,19,0,
1,21,543,4449,14966,14964,3843,286,16,1,0,
1,15,130,1017,5240,9743,4355,543,42,2,0,
1,15,125,1115,6285,11722,4959,468,27,2,0,
1,19,593,4646,11924,7379,982,75,5,2,0,
Generated graph with 25000 nodes and 99984 edges


Number of nodes: 25000
Number of edge multiples: 5
Infection probability: 0.5
Patient zero: 1
1,186,2426,10522,8588,789,20,0,
1,181,2207,10082,9382,944,21,1,0,
1,196,2501,11808,11215,1305,38,4,0,
1,176,2006,8689,7739,854,28,1,0,
1,163,1891,9080,9420,1171,35,2,0,
1,186,1855,10070,11226,1495,40,1,0,
1,175,1648,8096,9232,1319,50,4,1,0,
1,200,2146,10762,11143,1352,43,0,
1,187,1788,9403,11702,1812,66,2,0,
1,188,1798,10473,13305,2221,78,2,0,
Generated graph with 25000 nodes and 124975 edges


Number of nodes: 50000
Number of edge multiples: 1
Infection probability: 0.5
Patient zero: 1
1,109,681,1739,3242,5093,7485,10348,13428,16665,19922,23132,26308,29011,31371,33438,35118,36680,38039,39183,40197,40942,41465,41861,41932,41535,40450,38508,35735,32512,29035,25384,21631,18000,14682,11709,9104,7050,5410,4175,3121,2320,1716,1268,936,680,475,347,247,164,110,72,44,36,17,14,11,7,4,3,0,
1,110,354,778,1651,2996,4928,7313,10206,13224,16292,19312,22345,25241,27835,30410,32678,34727,36509,37985,39088,39772,39496,38456,36507,34140,31193,27993,24506,21118,17991,15021,12316,9950,7919,6293,4942,3852,2994,2286,1757,1352,984,724,530,395,287,204,144,92,58,31,14,8,4,2,0,
1,113,358,720,1170,2008,3380,5714,8738,11948,15450,19016,22540,25882,29036,31746,33795,34831,34798,33785,31850,29125,26152,22844,19664,16508,13690,11248,9008,7142,5609,4368,3326,2507,1875,1393,1022,734,535,379,269,182,125,85,56,31,12,8,3,1,0,
1,120,712,1986,3847,6287,9126,12370,15866,19215,22534,25481,27398,28524,28643,27810,26238,24077,21627,18833,16064,13397,10997,8863,7053,5531,4267,3172,2367,1748,1275,900,647,424,268,167,106,68,43,28,21,16,10,4,2,1,1,1,0,
1,105,359,973,2041,3687,5845,8732,12317,16174,20242,23947,27435,30551,33190,35290,36695,37321,37180,36206,34438,31940,28814,25436,22010,18780,15745,13039,10645,8572,6831,5385,4138,3145,2338,1695,1238,897,624,426,310,217,153,97,66,47,28,13,6,4,1,0,
1,121,688,1964,3930,6477,9412,12937,16802,20937,25039,28923,32416,35496,38195,40409,42090,43042,43237,42679,41307,38930,35638,31640,27402,23242,19402,15832,12801,10149,7913,6105,4699,3553,2689,2004,1506,1087,789,571,396,266,179,121,77,44,27,16,9,7,2,1,1,1,0,
1,126,658,1803,3360,5300,7741,10471,13464,16738,20167,23544,26855,29870,32554,34779,36600,37892,38501,38087,36741,34561,31672,28341,24760,21113,17667,14556,11789,9384,7340,5661,4328,3251,2463,1826,1365,1013,741,521,371,234,158,103,70,47,26,12,8,3,1,0,
1,106,387,1077,2229,3940,6227,9141,12543,16244,19867,23487,26927,29904,32517,34684,36169,37098,37404,37074,35896,33880,31302,28214,24991,21538,18172,14935,12076,9635,7536,5833,4454,3308,2413,1826,1361,1028,771,583,437,295,216,149,97,68,45,26,17,15,9,5,3,1,0,
1,113,694,1696,3439,5643,8431,11617,15263,18931,22427,25672,28708,31295,33283,34280,34255,32997,30927,28184,25137,21884,18604,15368,12374,9843,7757,5966,4503,3289,2374,1736,1183,798,546,387,244,149,93,53,31,10,6,2,0,
1,108,602,1532,2947,4871,7260,10003,13116,16537,20171,23788,27153,30318,33142,35532,37376,38749,39829,40598,41094,41375,41326,40546,39096,36966,34155,30927,27522,24218,20900,17722,14807,12136,9763,7720,6021,4697,3569,2694,1961,1451,1092,796,565,374,242,156,103,61,39,30,22,14,11,7,3,2,2,1,0,
Generated graph with 50000 nodes and 49999 edges


Number of nodes: 50000
Number of edge multiples: 2
Infection probability: 0.5
Patient zero: 1
1,18,437,2539,9202,21340,30073,26335,14785,5662,1745,450,132,24,4,2,1,0,
1,17,400,2094,7819,19070,27380,23926,13242,5066,1494,429,117,36,5,1,0,
1,20,80,701,3411,11137,23020,28687,21845,10676,3765,1100,297,82,21,6,1,0,
1,16,361,1968,7911,20252,31719,31501,20118,8516,2660,712,187,42,7,2,0,
1,16,186,1002,4889,14564,26351,29099,19984,8972,3037,919,268,70,27,8,1,0,
1,16,170,882,4180,13352,26225,31393,24033,11764,4100,1172,286,72,27,8,3,0,
1,21,192,1240,5741,16708,29817,33074,23364,10646,3540,988,254,67,23,5,2,0,
1,17,413,2387,8827,20888,29998,26195,14586,5526,1683,452,125,35,8,5,0,
1,16,411,2244,8767,20706,28945,25100,13886,5314,1680,460,117,28,8,3,2,0,
1,23,225,1072,4497,13034,23191,24944,16743,7512,2532,723,199,49,11,4,0,
Generated graph with 50000 nodes and 99996 edges


Number of nodes: 50000
Number of edge multiples: 3
Infection probability: 0.5
Patient zero: 1
1,167,1536,9133,24320,25180,9714,1722,227,33,4,1,0,
1,171,1655,9965,26785,29497,12758,2304,268,36,7,0,
1,166,1231,7499,21989,25911,11475,2158,322,37,5,0,
1,165,1816,10322,26587,27815,11188,1916,238,26,2,2,0,
1,183,1673,9435,24933,25347,9703,1705,224,30,2,1,0,
1,170,1851,9781,25070,25473,9844,1783,250,29,1,0,
1,159,1244,6437,18874,22583,10084,2035,297,38,5,2,0,
1,161,1787,10086,25186,25300,9458,1625,211,27,7,1,1,0,
1,161,1124,6340,18854,23155,10501,2048,312,38,2,0,
1,166,1256,8102,22708,25040,10186,1867,243,28,8,1,0,
Generated graph with 50000 nodes and 149991 edges


Number of nodes: 50000
Number of edge multiples: 4
Infection probability: 0.5
Patient zero: 1
1,287,2748,13950,23752,8713,854,53,8,1,0,
1,280,2706,16229,32893,17544,2128,111,8,0,
1,285,2493,13770,23967,9199,901,64,2,0,
1,288,3333,16872,27473,10320,937,54,2,0,
1,270,2322,13364,24199,9714,988,55,4,0,
1,259,2812,15662,28304,11906,1150,66,10,0,
1,276,2769,14069,22544,8152,767,59,3,0,
1,257,2101,12466,23782,10197,1055,85,5,2,0,
1,287,2613,12223,18985,6550,672,47,4,0,
1,292,2512,12905,22172,8273,803,61,4,0,
Generated graph with 50000 nodes and 199984 edges


Number of nodes: 50000
Number of edge multiples: 5
Infection probability: 0.5
Patient zero: 1
1,285,4212,24094,31068,6132,216,3,1,0,
1,289,4363,24475,32244,6895,227,5,0,
1,295,3814,22099,28215,4962,156,4,1,0,
1,277,3705,21961,30728,6543,217,5,1,0,
1,289,3325,20286,27853,5245,155,6,0,
1,283,3166,16358,18412,2428,74,3,1,0,
1,313,4110,20837,21000,2510,76,3,0,
1,293,3450,17600,18373,2278,69,4,1,0,
1,281,4146,24014,32500,7283,260,6,0,
1,303,3597,19866,23786,3445,100,3,0,
Generated graph with 50000 nodes and 249975 edges
