

Number of nodes: 500
Number of edges: 2
Infection probability: 0.5
Patient zero: 1
1,11,64,184,346,446,485,496,500,
1,15,87,216,376,465,491,497,500,
1,13,40,112,265,419,471,490,497,499,500,
1,11,61,172,315,442,481,491,497,499,500,
1,11,40,127,296,419,476,496,500,
1,12,74,216,359,451,486,494,498,499,500,
1,13,69,201,367,456,489,499,499,500,
1,8,27,101,244,385,466,488,497,499,500,
1,10,26,141,279,405,472,497,498,500,
1,11,67,159,338,443,484,493,499,499,500,
Generated graph with 500 nodes and 996 edges


Number of nodes: 500
Number of edges: 1
Infection probability: 0.5
Patient zero: 1
1,7,26,53,92,141,192,235,288,341,386,414,441,457,473,483,489,496,497,498,499,499,499,499,499,500,
1,3,6,9,28,63,112,154,186,243,301,345,384,420,444,463,476,483,491,495,496,496,499,500,
1,9,26,60,112,161,228,296,341,384,405,422,443,465,473,479,485,491,497,498,499,500,
1,7,11,42,93,146,200,258,311,353,400,434,456,473,481,486,490,492,496,498,500,
1,6,31,56,82,111,142,179,205,243,271,306,332,352,372,397,421,445,466,478,487,493,496,500,
1,6,10,13,41,84,137,200,259,319,365,403,431,450,466,474,481,485,488,494,495,496,497,498,499,500,
1,7,28,74,112,172,234,284,327,355,387,414,435,445,453,457,462,470,475,481,490,493,496,497,498,500,
1,4,29,63,114,189,260,332,377,425,448,465,482,491,496,498,499,499,499,500,
1,8,36,72,129,210,294,364,413,439,460,476,484,488,497,497,498,499,499,499,500,
1,6,8,19,36,78,135,209,279,321,368,401,428,449,463,475,486,492,498,500,
Generated graph with 500 nodes and 499 edges


Number of nodes: 500
Number of edges: 3
Infection probability: 0.5
Patient zero: 1
1,17,66,271,465,496,500,
1,22,95,286,450,492,497,500,
1,17,71,240,416,487,498,500,
1,20,105,318,471,497,500,
1,26,122,347,471,499,500,
1,22,118,336,471,497,500,
1,20,100,302,467,493,499,500,
1,20,76,247,433,490,500,
1,20,112,311,463,497,500,
1,20,107,318,466,498,500,
Generated graph with 500 nodes and 1491 edges


Number of nodes: 500
Number of edges: 4
Infection probability: 0.5
Patient zero: 1
1,10,101,349,490,500,
1,6,75,304,473,499,500,
1,7,99,346,480,498,500,
1,9,70,278,466,499,500,
1,6,88,309,479,498,499,500,
1,9,93,345,487,500,
1,10,30,187,423,491,499,500,
1,3,10,84,307,476,497,500,
1,7,92,327,472,498,500,
1,7,60,280,474,499,500,
Generated graph with 500 nodes and 1984 edges


Number of nodes: 500
Number of edges: 5
Infection probability: 0.5
Patient zero: 1
1,30,198,442,500,
1,27,179,449,500,
1,28,195,449,500,
1,26,172,448,497,500,
1,39,228,460,500,
1,25,162,436,498,500,
1,26,163,436,498,500,
1,31,176,442,497,500,
1,31,203,456,500,
1,21,183,459,499,500,
Generated graph with 500 nodes and 2475 edges


Number of nodes: 1000
Number of edges: 1
Infection probability: 0.5
Patient zero: 1
1,36,116,242,382,518,625,719,796,865,906,940,957,966,978,989,993,995,996,998,1000,
1,41,107,192,281,385,492,572,638,685,752,813,855,887,924,945,960,977,990,993,994,997,998,999,999,999,1000,
1,42,144,259,404,542,634,711,783,838,887,925,942,966,977,981,987,993,993,995,995,996,998,998,999,999,999,999,1000,
1,40,96,172,281,412,527,617,700,772,829,884,923,951,971,986,990,992,995,997,999,999,1000,
1,47,131,239,336,432,526,620,715,797,858,891,907,935,954,970,981,987,992,993,995,999,1000,
1,33,98,197,312,399,490,573,654,730,775,820,862,899,931,959,978,987,993,996,997,999,999,999,999,1000,
1,52,150,277,363,456,553,649,731,797,854,895,929,950,969,982,990,994,997,997,999,999,999,999,999,1000,
1,40,117,238,362,500,614,695,776,844,887,929,948,966,972,977,978,981,985,987,991,993,994,995,996,1000,
1,43,122,239,382,525,622,720,793,852,904,932,954,973,982,983,987,993,998,999,1000,
1,46,136,270,418,514,624,706,759,799,855,894,924,943,960,969,977,979,981,982,983,989,994,995,996,998,999,1000,
Generated graph with 1000 nodes and 999 edges


Number of nodes: 1000
Number of edges: 3
Infection probability: 0.5
Patient zero: 1
1,11,74,300,721,964,995,999,1000,
1,15,100,353,776,955,996,999,1000,
1,12,50,241,671,950,995,997,1000,
1,10,37,221,617,922,991,997,1000,
1,17,121,475,877,982,996,1000,
1,11,112,434,839,980,998,1000,
1,14,62,257,680,943,989,997,1000,
1,12,66,317,719,943,996,1000,
1,14,94,351,762,964,998,999,1000,
1,16,93,385,810,974,999,1000,
Generated graph with 1000 nodes and 2991 edges


Number of nodes: 1000
Number of edges: 2
Infection probability: 0.5
Patient zero: 1
1,3,9,70,271,589,850,961,990,995,998,1000,
1,2,5,61,171,440,753,930,983,995,1000,
1,6,71,221,508,786,938,981,999,1000,
1,4,15,36,158,398,706,901,979,993,999,1000,
1,2,6,45,201,491,783,935,984,997,999,999,1000,
1,2,8,80,242,517,803,947,987,995,999,999,999,1000,
1,2,7,89,270,549,821,948,978,993,999,1000,
1,5,73,215,489,780,925,974,994,999,1000,
1,1,4,71,238,531,802,927,979,994,999,1000,
1,3,61,214,488,773,933,985,991,1000,
Generated graph with 1000 nodes and 1996 edges


Number of nodes: 1000
Number of edges: 4
Infection probability: 0.5
Patient zero: 1
1,16,151,591,951,998,1000,
1,18,123,490,910,992,999,1000,
1,18,164,630,956,1000,
1,13,115,546,941,993,1000,
1,14,79,414,896,994,999,1000,
1,14,118,571,941,994,1000,
1,14,76,392,863,992,999,1000,
1,17,121,517,919,996,1000,
1,17,155,587,945,996,1000,
1,17,164,632,954,997,1000,
Generated graph with 1000 nodes and 3984 edges


Number of nodes: 1000
Number of edges: 5
Infection probability: 0.5
Patient zero: 1
1,16,215,770,988,999,1000,
1,16,102,593,963,1000,
1,18,218,799,995,1000,
1,17,220,793,989,1000,
1,19,156,674,982,1000,
1,19,190,764,992,999,1000,
1,14,152,688,980,999,1000,
1,22,275,833,995,1000,
1,17,253,823,994,1000,
1,15,109,561,958,999,1000,
Generated graph with 1000 nodes and 4975 edges


Number of nodes: 5000
Number of edges: 1
Infection probability: 0.5
Patient zero: 1
1,108,253,502,843,1277,1711,2207,2685,3112,3501,3838,4147,4395,4565,4704,4801,4877,4918,4945,4959,4971,4983,4987,4991,4993,4993,4993,4994,4996,4998,4999,5000,
1,95,266,528,903,1373,1906,2423,2880,3320,3671,3933,4128,4308,4452,4574,4681,4762,4815,4867,4900,4917,4933,4949,4965,4979,4985,4990,4995,4996,4998,4999,4999,4999,4999,5000,
1,101,266,536,934,1407,1955,2489,2951,3361,3704,3999,4220,4415,4565,4706,4796,4852,4903,4926,4942,4960,4973,4982,4989,4991,4994,4995,4999,5000,
1,118,349,730,1149,1627,2130,2607,2986,3369,3670,3941,4193,4404,4554,4666,4761,4843,4902,4935,4962,4977,4984,4988,4992,4995,4996,4997,4999,5000,
1,106,275,502,776,1071,1386,1717,2099,2453,2817,3180,3513,3796,4091,4339,4504,4620,4711,4771,4814,4842,4870,4899,4916,4928,4945,4955,4968,4978,4986,4990,4993,4995,4998,4998,4999,5000,
1,110,278,604,978,1421,1873,2317,2735,3121,3430,3741,4022,4217,4398,4551,4689,4786,4860,4910,4937,4957,4975,4981,4985,4988,4993,4996,4998,4999,4999,4999,4999,5000,
1,117,277,526,970,1451,1958,2452,2913,3318,3674,3954,4179,4389,4538,4679,4773,4849,4893,4928,4955,4966,4977,4989,4992,4995,4997,4999,5000,
1,115,370,708,1125,1617,2148,2671,3105,3489,3813,4087,4297,4497,4647,4757,4835,4894,4934,4958,4977,4987,4994,4997,4999,4999,4999,5000,
1,103,247,517,909,1363,1870,2405,2829,3172,3499,3795,4073,4257,4447,4602,4714,4795,4852,4893,4919,4940,4961,4974,4984,4991,4993,4998,4998,5000,
1,99,327,675,1085,1508,1965,2417,2786,3133,3442,3707,3931,4129,4289,4449,4581,4700,4785,4846,4892,4920,4942,4958,4972,4983,4990,4992,4995,4999,5000,
Generated graph with 5000 nodes and 4999 edges


Number of nodes: 5000
Number of edges: 2
Infection probability: 0.5
Patient zero: 1
1,61,259,1043,2508,3894,4674,4926,4979,4998,4998,5000,
1,59,259,1037,2504,3960,4687,4910,4982,4996,4999,4999,4999,5000,
1,58,321,1149,2638,4065,4699,4924,4981,4994,5000,
1,54,239,902,2272,3765,4601,4887,4975,4994,4999,5000,
1,64,239,1048,2424,3895,4671,4899,4977,4994,5000,
1,58,254,945,2428,3921,4660,4913,4977,4991,5000,
1,66,326,1217,2743,4081,4757,4933,4982,4996,4999,5000,
1,53,229,922,2307,3798,4623,4927,4977,4995,5000,
1,57,320,1094,2593,3967,4701,4921,4985,4995,4997,4999,5000,
1,58,312,1043,2517,3994,4711,4917,4974,4995,4999,4999,4999,5000,
Generated graph with 5000 nodes and 9996 edges


Number of nodes: 5000
Number of edges: 3
Infection probability: 0.5
Patient zero: 1
1,23,114,707,2544,4390,4916,4991,4999,5000,
1,22,121,751,2657,4423,4947,4992,4997,4999,5000,
1,27,390,1916,4059,4884,4982,4998,5000,
1,19,102,577,2287,4269,4896,4987,4998,5000,
1,20,231,1324,3492,4736,4968,4996,4999,5000,
1,18,93,578,2133,4123,4850,4981,5000,
1,18,201,1174,3343,4684,4964,4994,5000,
1,15,102,681,2535,4392,4922,4987,4999,5000,
1,17,71,640,2416,4332,4922,4990,4997,5000,
1,17,221,1258,3355,4690,4967,4998,5000,
Generated graph with 5000 nodes and 14991 edges


Number of nodes: 5000
Number of edges: 4
Infection probability: 0.5
Patient zero: 1
1,33,380,2086,4408,4957,4998,5000,
1,30,369,2117,4449,4966,4998,5000,
1,27,381,2096,4437,4957,4996,5000,
1,21,422,2258,4471,4971,4999,5000,
1,26,311,1915,4373,4958,4995,5000,
1,22,362,2243,4537,4967,4998,4999,5000,
1,31,180,1272,3783,4880,4991,5000,
1,30,313,1937,4299,4953,4997,5000,
1,27,375,2199,4488,4967,4997,5000,
1,25,327,1902,4326,4950,4998,5000,
Generated graph with 5000 nodes and 19984 edges


Number of nodes: 5000
Number of edges: 5
Infection probability: 0.5
Patient zero: 1
1,36,530,2889,4831,4997,5000,
1,42,586,3028,4854,4998,5000,
1,42,595,3163,4875,4996,5000,
1,29,304,2253,4669,4996,5000,
1,41,423,2621,4755,4992,5000,
1,32,400,2533,4762,4996,5000,
1,42,407,2503,4759,4995,5000,
1,40,422,2477,4744,4990,5000,
1,34,442,2696,4801,4995,5000,
1,33,556,3032,4850,4995,5000,
Generated graph with 5000 nodes and 24975 edges


Number of nodes: 10000
Number of edges: 1
Infection probability: 0.5
Patient zero: 1
1,12,185,544,1087,1820,2674,3631,4529,5363,6105,6760,7360,7847,8270,8636,8912,9136,9313,9494,9630,9716,9793,9843,9886,9920,9956,9980,9985,9992,9995,9995,9998,9999,9999,10000,
1,11,32,55,229,572,1142,1869,2777,3691,4644,5582,6367,7053,7622,8088,8427,8685,8940,9166,9335,9475,9594,9685,9739,9802,9849,9881,9908,9937,9962,9975,9984,9991,9994,9996,9998,9999,10000,
1,10,16,162,435,872,1471,2209,3023,3868,4654,5386,6069,6726,7293,7789,8218,8600,8909,9157,9355,9512,9637,9744,9828,9878,9910,9937,9959,9974,9986,9994,9996,10000,
1,13,190,539,1052,1748,2511,3370,4208,5060,5887,6590,7217,7758,8258,8661,8994,9253,9459,9573,9670,9775,9843,9889,9921,9954,9972,9984,9990,9992,9993,9995,9998,9998,9998,9998,9999,10000,
1,10,24,41,205,522,1058,1864,2665,3497,4341,5283,6170,6940,7608,8096,8503,8837,9078,9271,9447,9594,9709,9783,9828,9876,9920,9951,9970,9983,9992,9996,9998,10000,
1,13,23,163,513,1045,1663,2410,3247,4149,5046,5862,6638,7352,7932,8424,8805,9115,9335,9511,9643,9747,9808,9862,9897,9918,9939,9951,9965,9980,9985,9995,9998,9998,9998,9999,10000,
1,15,168,483,969,1647,2434,3234,4133,5025,5872,6589,7166,7667,8076,8413,8743,8963,9146,9297,9430,9532,9609,9693,9763,9820,9878,9918,9937,9962,9975,9982,9990,9995,9997,9998,9998,10000,
1,12,160,473,1070,1840,2720,3667,4621,5532,6321,6981,7580,8094,8483,8798,9039,9238,9403,9539,9636,9712,9767,9814,9860,9898,9921,9942,9960,9970,9980,9986,9994,9998,9999,10000,
1,10,172,471,889,1378,2033,2775,3588,4369,5158,5893,6569,7190,7756,8190,8567,8885,9125,9305,9453,9599,9710,9792,9853,9899,9935,9964,9973,9984,9989,9991,9995,9996,9997,9998,9998,9998,9998,9999,10000,
1,15,194,582,1097,1727,2489,3258,4054,4900,5684,6382,7025,7609,8122,8566,8928,9206,9442,9598,9711,9793,9851,9895,9933,9953,9971,9977,9987,9993,9996,9999,9999,9999,9999,9999,9999,10000,
Generated graph with 10000 nodes and 9999 edges


Number of nodes: 10000
Number of edges: 2
Infection probability: 0.5
Patient zero: 1
1,54,407,1835,4503,7538,9164,9752,9944,9990,10000,
1,43,359,1462,4032,7104,8997,9757,9938,9986,9997,10000,
1,59,485,1778,4483,7447,9159,9791,9951,9988,9996,9999,9999,10000,
1,46,424,1750,4435,7394,9142,9763,9942,9991,10000,
1,50,417,1742,4401,7308,9062,9732,9930,9982,9997,10000,
1,46,279,1317,3691,6815,8878,9671,9907,9978,9998,10000,
1,49,317,1355,3755,6893,8944,9717,9916,9986,9995,9998,10000,
1,45,346,1451,4034,7050,9028,9744,9931,9982,9996,10000,
1,55,446,1591,4247,7251,9083,9763,9941,9989,9994,9999,10000,
1,49,460,1852,4672,7577,9235,9805,9949,9986,9995,9999,9999,10000,
Generated graph with 10000 nodes and 19996 edges


Number of nodes: 10000
Number of edges: 3
Infection probability: 0.5
Patient zero: 1
1,23,134,1063,4303,8382,9775,9975,9995,10000,
1,27,126,837,3687,7919,9679,9965,9997,10000,
1,24,170,981,4114,8208,9716,9976,9997,9999,10000,
1,25,126,897,3827,8054,9721,9966,9994,9999,9999,10000,
1,24,108,717,3458,7730,9652,9958,9997,9999,9999,10000,
1,26,136,1082,4193,8242,9752,9974,9998,10000,
1,26,238,1523,5236,8877,9854,9985,9998,10000,
1,20,160,1122,4501,8457,9795,9979,9998,9999,10000,
1,28,307,1903,5979,9132,9890,9989,10000,
1,28,261,1532,5239,8838,9851,9983,9998,10000,
Generated graph with 10000 nodes and 29991 edges


Number of nodes: 10000
Number of edges: 4
Infection probability: 0.5
Patient zero: 1
1,83,940,4852,9134,9949,9998,10000,
1,88,879,4613,9105,9943,9998,10000,
1,90,890,4636,9066,9941,9998,10000,
1,75,841,4708,9109,9948,9995,10000,
1,83,976,4961,9205,9951,9998,10000,
1,80,642,3638,8533,9908,9991,10000,
1,87,991,4816,9117,9952,9998,9999,10000,
1,85,855,4516,8966,9944,9998,9999,10000,
1,76,502,2905,7988,9844,9992,10000,
1,68,772,4354,8968,9942,9996,10000,
Generated graph with 10000 nodes and 39984 edges


Number of nodes: 10000
Number of edges: 5
Infection probability: 0.5
Patient zero: 1
1,84,864,5195,9535,9986,10000,
1,75,1053,5688,9651,9990,9999,10000,
1,90,1244,6279,9764,9994,10000,
1,83,1095,5852,9718,9998,10000,
1,91,1097,5870,9710,9991,10000,
1,83,870,5310,9592,9987,9999,10000,
1,86,799,5061,9539,9986,10000,
1,80,935,5482,9638,9994,10000,
1,94,1152,6124,9726,9993,9999,10000,
1,77,1110,6108,9754,9992,10000,
Generated graph with 10000 nodes and 49975 edges


Number of nodes: 25000
Number of edges: 1
Infection probability: 0.5
Patient zero: 1
1,156,598,1627,3095,4972,7193,9453,11680,13839,15933,17661,19184,20465,21524,22414,23103,23640,24009,24265,24468,24607,24727,24815,24877,24925,24956,24977,24982,24986,24993,24996,24996,24998,25000,
1,140,583,1320,2492,3951,5531,7359,9284,11420,13361,15193,16931,18400,19642,20726,21598,22323,22909,23366,23715,24001,24231,24401,24504,24615,24714,24792,24847,24891,24924,24947,24963,24979,24986,24990,24993,24997,24998,24999,24999,24999,25000,
1,134,502,1294,2417,3941,5742,7760,9919,12118,14156,16002,17797,19317,20571,21601,22403,23082,23582,23977,24261,24459,24611,24705,24775,24838,24885,24925,24947,24962,24976,24979,24988,24994,24996,24996,24997,24997,24998,24999,25000,
1,154,467,1095,2087,3418,4858,6481,8044,9701,11305,12894,14530,16091,17468,18794,19945,20931,21721,22438,23017,23524,23926,24221,24429,24568,24686,24770,24844,24881,24916,24944,24964,24980,24988,24995,24998,24999,24999,25000,
1,144,478,994,1891,3247,5017,7044,9045,11033,12900,14590,16097,17584,18936,20118,21111,21883,22520,23041,23476,23796,24073,24301,24472,24615,24721,24795,24854,24901,24933,24956,24967,24975,24980,24985,24988,24992,24994,24996,24999,24999,24999,25000,
1,144,588,1451,2732,4226,5768,7417,9127,11028,12915,14633,16126,17539,18864,19975,21035,21904,22579,23202,23680,24024,24283,24486,24646,24745,24808,24858,24891,24922,24949,24971,24976,24983,24989,24992,24993,24996,24997,24998,25000,
1,160,565,1336,2426,3754,5299,6857,8485,10173,11653,13040,14356,15492,16496,17451,18365,19278,20172,21012,21727,22325,22818,23225,23585,23905,24152,24346,24513,24647,24743,24817,24868,24906,24945,24968,24977,24984,24988,24992,24996,24998,24999,24999,24999,24999,25000,
1,139,412,987,1865,3041,4573,6357,8247,10128,11953,13774,15531,17086,18548,19785,20861,21812,22590,23188,23674,24035,24295,24486,24637,24730,24810,24850,24887,24929,24954,24968,24982,24993,24998,24999,25000,
1,151,510,1204,2192,3409,4833,6463,8201,10156,12102,14082,15917,17563,19083,20378,21385,22225,22862,23382,23796,24127,24374,24565,24696,24796,24858,24892,24917,24934,24952,24964,24976,24983,24989,24991,24993,24994,24996,24997,24999,24999,25000,
1,159,607,1530,2958,4803,6760,8954,11139,13180,15021,16646,18103,19394,20527,21480,22325,22975,23454,23857,24176,24404,24540,24668,24765,24841,24894,24941,24966,24978,24985,24993,24994,24996,24996,24996,24997,25000,
Generated graph with 25000 nodes and 24999 edges


Number of nodes: 25000
Number of edges: 2
Infection probability: 0.5
Patient zero: 1
1,90,619,3043,9060,16882,22204,24214,24808,24946,24979,24997,25000,
1,80,535,2618,8119,15992,21697,24062,24769,24937,24984,24992,24998,25000,
1,80,301,1730,6069,13557,20344,23579,24626,24920,24983,24994,24997,24998,24999,25000,
1,84,649,3233,9476,17318,22331,24293,24821,24955,24991,25000,
1,74,481,2091,6950,14869,21222,23924,24728,24929,24986,24997,25000,
1,87,471,1830,6401,14275,20788,23685,24645,24909,24971,24995,24999,25000,
1,77,637,3144,8981,16931,22172,24243,24792,24950,24982,24992,24995,25000,
1,88,634,2761,8322,16348,21800,24062,24767,24947,24989,24998,24999,25000,
1,86,603,2608,8003,15993,21711,24082,24779,24953,24989,24996,25000,
1,90,580,2669,8293,16155,21804,24162,24779,24952,24983,24997,24999,25000,
Generated graph with 25000 nodes and 49996 edges


Number of nodes: 25000
Number of edges: 3
Infection probability: 0.5
Patient zero: 1
1,120,1224,6475,17031,23573,24837,24982,24999,24999,25000,
1,111,1203,6605,17326,23584,24835,24978,24995,25000,
1,116,928,5216,15304,22977,24713,24972,24998,24999,25000,
1,108,1082,6002,16594,23400,24802,24982,24998,24998,25000,
1,113,1021,5847,16229,23173,24799,24971,24997,25000,
1,120,927,5242,15449,23014,24724,24959,24999,24999,25000,
1,110,708,4680,14809,22734,24684,24968,24996,25000,
1,122,843,4731,14677,22707,24737,24973,24998,25000,
1,107,969,5807,16310,23290,24782,24977,24998,25000,
1,115,1125,6085,16666,23485,24793,24973,24997,25000,
Generated graph with 25000 nodes and 74991 edges


Number of nodes: 25000
Number of edges: 4
Infection probability: 0.5
Patient zero: 1
1,18,177,2080,11598,22687,24881,24995,25000,
1,18,566,4630,16833,24156,24949,24998,25000,
1,20,224,1936,10877,22367,24817,24988,25000,
1,19,187,1273,8338,20859,24668,24982,24998,25000,
1,19,352,3405,14607,23657,24913,24991,25000,
1,16,155,1712,10163,21969,24802,24990,25000,
1,11,82,850,6421,19171,24490,24974,24997,25000,
1,11,563,4722,16858,24169,24949,24996,25000,
1,17,161,1579,9505,21428,24752,24989,25000,
1,19,217,1942,10967,22344,24849,24992,25000,
Generated graph with 25000 nodes and 99984 edges


Number of nodes: 25000
Number of edges: 5
Infection probability: 0.5
Patient zero: 1
1,190,2012,12575,23786,24967,24999,25000,
1,190,2436,14048,24104,24970,25000,
1,197,2783,15190,24312,24980,24998,25000,
1,186,2635,14711,24216,24982,25000,
1,203,2759,15006,24282,24989,25000,
1,171,2274,14003,24125,24977,24999,24999,25000,
1,181,2327,13996,24131,24987,25000,
1,182,2293,13633,23994,24973,24999,25000,
1,187,2028,12682,23761,24978,25000,
1,197,2033,12883,23883,24969,24998,25000,
Generated graph with 25000 nodes and 124975 edges


Number of nodes: 50000
Number of edges: 1
Infection probability: 0.5
Patient zero: 1
1,109,711,1885,3658,6186,9372,12828,16573,20121,23571,26991,30175,33113,35747,38071,40033,41728,43149,44338,45357,46218,47023,47659,48248,48695,49049,49314,49527,49676,49767,49836,49886,49922,49945,49966,49981,49989,49992,49995,49996,49999,49999,50000,
1,121,641,1536,2892,4834,7377,10314,13688,17280,20774,24080,27102,29667,31954,33895,35699,37416,38910,40301,41517,42590,43675,44650,45489,46271,46996,47569,48100,48523,48885,49156,49353,49516,49650,49744,49822,49884,49925,49946,49963,49977,49982,49987,49990,49992,49992,49993,49994,49995,49996,49997,49998,49999,50000,
1,110,336,621,1292,2363,4032,6463,9848,13685,17850,22116,26229,30137,33629,36813,39469,41689,43506,45006,46209,47159,47887,48491,48930,49228,49472,49656,49764,49851,49903,49941,49964,49980,49986,49995,49998,50000,
1,110,430,1125,2565,4550,7191,10554,14653,19029,23334,27300,30785,33941,36824,39352,41485,43266,44838,46110,47108,47867,48412,48859,49206,49423,49591,49725,49806,49882,49922,49954,49968,49978,49986,49992,49993,49997,49999,50000,
1,100,680,1719,3274,5277,7663,10363,13396,16448,19687,23085,26327,29486,32441,34998,37291,39381,41081,42577,43771,44757,45506,46159,46703,47249,47700,48121,48457,48740,48989,49214,49387,49549,49686,49789,49856,49912,49944,49967,49983,49990,49996,49999,49999,49999,49999,50000,
1,116,679,1922,3856,6690,10111,13881,17889,21866,25587,29236,32503,35399,37742,39910,41690,43141,44281,45202,45924,46481,46953,47404,47832,48185,48482,48765,49011,49200,49375,49525,49648,49756,49833,49876,49910,49938,49953,49963,49978,49985,49989,49993,49994,49995,49996,49997,49998,49998,49999,50000,
1,120,373,747,1207,1736,2571,3792,5429,7396,9502,11755,14128,16542,18991,21542,24252,26934,29539,32067,34477,36690,38693,40357,41821,42984,43975,44758,45488,46181,46870,47478,47977,48379,48683,48914,49112,49251,49383,49500,49599,49691,49777,49851,49902,49936,49962,49975,49982,49986,49990,49994,49998,49999,49999,49999,50000,
1,96,592,1613,3326,5846,9169,13016,17165,21406,25550,29334,32715,35818,38542,40968,42966,44577,45871,46870,47668,48305,48760,49081,49327,49502,49652,49752,49825,49875,49921,49950,49969,49979,49987,49993,49998,49999,50000,
1,115,432,945,1529,2156,3127,4475,6491,8994,12181,15673,19408,23294,27119,30729,34073,37132,39856,42078,43883,45319,46452,47331,48046,48581,48995,49271,49452,49620,49752,49831,49890,49932,49953,49974,49990,49995,49997,49998,49999,50000,
1,113,739,1995,4139,7218,10992,15030,19355,23402,27262,31015,34371,37409,40024,42227,44115,45647,46778,47675,48352,48832,49180,49438,49602,49724,49795,49857,49898,49921,49944,49959,49971,49984,49990,49995,49996,49998,49999,50000,
Generated graph with 50000 nodes and 49999 edges


Number of nodes: 50000
Number of edges: 2
Infection probability: 0.5
Patient zero: 1
1,14,400,2573,9891,24204,38791,46534,49089,49788,49947,49988,49997,49998,50000,
1,17,488,2610,10072,24405,38875,46493,49083,49786,49958,49990,49998,50000,
1,20,85,761,4186,13753,29256,42019,47681,49413,49848,49968,49993,49997,49999,50000,
1,15,490,2718,10434,24884,39206,46646,49086,49757,49932,49980,49992,49999,50000,
1,22,542,2802,10380,24980,39282,46730,49155,49797,49947,49990,49997,49999,50000,
1,14,440,2461,9284,23487,38038,46247,49016,49754,49937,49987,49994,49999,50000,
1,26,142,1248,6167,18166,33954,44354,48455,49628,49911,49980,49995,50000,
1,18,74,538,3075,11500,26400,40027,46989,49210,49816,49953,49987,49999,50000,
1,20,65,850,4510,14563,30265,42581,47871,49437,49862,49963,49996,50000,
1,18,173,1165,5893,17752,33263,44080,48382,49594,49891,49972,49992,49997,50000,
Generated graph with 50000 nodes and 99996 edges


Number of nodes: 50000
Number of edges: 3
Infection probability: 0.5
Patient zero: 1
1,162,1839,11354,32703,46700,49576,49953,49996,49998,50000,
1,159,2105,12050,33102,46724,49583,49950,49995,50000,
1,168,2046,11814,32922,46744,49601,49957,49997,49999,50000,
1,178,1846,10988,31850,46428,49548,49944,49993,49999,49999,50000,
1,154,1619,9343,29607,45574,49377,49909,49986,49998,50000,
1,160,1842,11184,31993,46422,49540,49941,49996,50000,
1,159,1569,9748,29986,45790,49464,49940,49993,50000,
1,159,1281,8593,28257,44936,49367,49926,49989,49999,50000,
1,176,1767,10705,31428,46220,49557,49955,49991,49999,49999,50000,
1,165,1947,11862,33044,46775,49606,49959,49997,50000,
Generated graph with 50000 nodes and 149991 edges


Number of nodes: 50000
Number of edges: 4
Infection probability: 0.5
Patient zero: 1
1,265,3422,19803,43532,49600,49971,49999,50000,
1,291,3575,20394,43978,49594,49980,49999,50000,
1,295,3876,21657,44598,49657,49978,49999,49999,50000,
1,297,3524,20254,43931,49608,49979,49999,50000,
1,270,2838,17862,42424,49488,49977,49998,50000,
1,277,3256,19517,43518,49559,49973,49997,50000,
1,290,3446,20070,43926,49617,49980,49998,50000,
1,294,3451,20053,43810,49587,49982,50000,
1,289,3639,21195,44484,49676,49984,49998,50000,
1,268,3440,19923,43749,49568,49979,50000,
Generated graph with 50000 nodes and 199984 edges


Number of nodes: 50000
Number of edges: 5
Infection probability: 0.5
Patient zero: 1
1,280,4652,27474,48126,49957,49999,50000,
1,300,4387,26818,48009,49959,49999,50000,
1,296,4747,27482,48130,49957,49999,50000,
1,305,3551,23839,47216,49915,49996,50000,
1,273,4239,26220,47813,49940,49999,50000,
1,305,4797,27925,48163,49956,49997,50000,
1,314,4367,26412,47847,49950,50000,
1,299,4544,27067,47967,49947,49998,50000,
1,288,4780,27664,48174,49957,50000,
1,282,3517,23859,47294,49940,49999,50000,
Generated graph with 50000 nodes and 249975 edges
