

Infection probability: 0.5
Patient zero: 1
1,4,12,36,94,227,384,455,481,489,492,494,494,494,496,
1,2,5,16,46,124,254,418,474,487,491,493,494,494,495,495,495,496,
1,2,6,14,40,102,239,395,462,484,491,494,495,495,496,
1,1,2,8,18,49,123,270,404,470,484,489,493,493,495,495,496,
1,3,5,13,36,90,206,368,457,487,494,494,495,496,
1,3,7,21,55,133,278,415,468,486,493,495,496,
1,5,14,34,108,246,390,463,475,488,493,494,495,496,
1,4,12,35,97,219,372,460,484,491,495,495,496,
1,4,14,37,97,219,372,453,478,488,493,494,496,
1,3,6,22,70,171,333,437,470,488,489,491,492,492,493,494,494,494,495,495,495,495,496,
Generated graph with 496 nodes and 1247 edges


Infection probability: 0.5
Patient zero: 1
1,2,5,13,40,122,311,496,572,588,593,595,596,597,
1,3,8,18,48,146,340,528,581,595,597,
1,2,3,6,15,44,122,308,514,576,593,597,
1,2,5,16,52,148,346,524,582,594,595,597,
1,2,2,4,10,21,56,171,378,535,578,594,596,597,
1,1,2,5,11,24,72,199,419,555,589,596,597,
1,2,4,8,24,74,194,425,569,591,593,596,596,596,597,
1,3,6,13,37,112,272,478,574,594,596,596,596,596,597,
1,2,5,8,16,46,137,326,525,582,594,594,596,596,596,597,
1,2,5,12,27,75,205,425,565,593,596,596,597,
Generated graph with 597 nodes and 1797 edges


Infection probability: 0.5
Patient zero: 1
1,5,25,98,342,687,791,797,799,
1,10,47,191,537,778,797,798,799,
1,8,30,122,418,732,795,798,799,
1,10,47,189,552,785,796,799,
1,7,23,87,314,657,789,799,
1,7,28,114,391,715,792,796,799,
1,7,39,149,451,742,795,798,798,799,
1,6,27,122,413,733,795,798,799,
1,4,22,105,369,705,794,799,
1,6,27,127,430,744,796,799,
Generated graph with 799 nodes and 3204 edges


Infection probability: 0.5
Patient zero: 1
1,3,9,33,114,340,610,685,697,699,699,700,
1,4,20,83,261,539,678,695,698,698,700,
1,5,22,73,246,523,667,694,698,700,
1,3,11,38,134,365,615,687,695,699,700,
1,4,12,53,176,445,650,697,700,
1,4,16,70,232,505,674,693,698,698,700,
1,4,17,59,201,484,664,691,697,699,699,700,
1,5,17,55,156,405,637,689,696,698,700,
1,6,32,118,333,611,685,696,699,700,
1,6,24,94,296,570,681,698,699,699,699,699,700,
Generated graph with 700 nodes and 2447 edges


Infection probability: 0.5
Patient zero: 1
1,10,65,285,726,892,900,
1,13,79,321,752,891,899,900,
1,17,87,339,762,894,898,900,
1,15,76,322,769,894,900,
1,12,64,265,700,891,899,900,
1,11,59,252,689,885,898,900,
1,11,59,265,724,887,899,900,
1,17,97,372,794,896,900,
1,10,50,203,617,875,897,898,900,
1,14,62,261,681,886,900,
Generated graph with 900 nodes and 4022 edges


Infection probability: 0.5
Patient zero: 1
1,8,45,215,689,974,997,1000,
1,7,38,165,605,963,1000,
1,10,48,237,727,986,998,1000,
1,8,42,187,612,967,998,1000,
1,10,47,225,698,990,1000,
1,7,38,187,636,967,1000,
1,9,45,214,697,980,998,1000,
1,6,32,149,521,939,995,999,999,999,1000,
1,8,38,179,629,978,1000,
1,6,36,169,632,976,999,1000,
Generated graph with 1000 nodes and 4892 edges


Infection probability: 0.5
Patient zero: 1
1,6,49,339,1270,1498,1500,
1,4,31,217,1061,1497,1500,
1,10,76,511,1403,1500,
1,10,74,477,1391,1500,
1,11,71,475,1385,1499,1500,
1,8,62,398,1322,1499,1499,1500,
1,9,68,451,1363,1500,
1,9,73,473,1387,1500,
1,7,57,409,1327,1500,
1,6,40,295,1221,1498,1500,
Generated graph with 1500 nodes and 11367 edges


Infection probability: 0.5
Patient zero: 1
1,14,149,1117,1995,2000,
1,9,84,754,1968,2000,
1,14,143,1082,1994,2000,
1,14,134,1038,1994,2000,
1,12,137,1038,1992,2000,
1,11,114,892,1979,2000,
1,14,154,1108,1996,2000,
1,12,128,960,1992,2000,
1,12,124,952,1985,2000,
1,15,166,1165,1995,2000,
Generated graph with 2000 nodes and 19925 edges


Infection probability: 0.5
Patient zero: 1
1,31,713,4870,5000,
1,34,759,4897,5000,
1,25,572,4711,5000,
1,23,529,4681,5000,
1,27,633,4791,5000,
1,21,498,4626,5000,
1,26,598,4787,5000,
1,37,841,4931,5000,
1,26,598,4741,5000,
1,24,561,4716,5000,
Generated graph with 5000 nodes and 125137 edges


Infection probability: 0.5
Patient zero: 1
1,51,2265,10000,
1,53,2368,10000,
1,58,2492,10000,
1,57,2489,10000,
1,51,2255,10000,
1,47,2142,10000,
1,47,2082,10000,
1,52,2321,10000,
1,50,2221,10000,
1,52,2276,9999,10000,
Generated graph with 10000 nodes and 501401 edges


Infection probability: 0.5
Patient zero: 1
1,107,8375,20000,
1,123,9195,20000,
1,104,8230,20000,
1,117,8892,20000,
1,116,8768,20000,
1,117,8930,20000,
1,95,7509,20000,
1,113,8673,20000,
1,113,8784,20000,
1,95,7585,20000,
Generated graph with 20000 nodes and 1999050 edges
