

Infection probability: 0.5
Patient zero: 1
1,2,3,7,15,40,105,233,380,429,379,248,103,30,8,2,2,2,0,
1,1,3,7,22,79,192,341,395,361,229,87,19,10,5,4,4,3,3,3,1,1,0,
1,3,6,17,48,134,276,389,418,366,221,81,25,11,3,1,0,
1,3,10,19,54,142,277,383,381,279,115,35,14,6,2,1,0,
1,4,15,47,123,259,389,407,319,183,62,20,7,3,1,0,
1,2,7,26,83,200,346,403,339,204,74,23,11,6,3,2,1,1,0,
1,3,11,39,107,240,374,435,412,311,161,52,16,7,2,0,
1,3,11,25,65,157,305,407,437,382,265,123,41,12,3,3,2,1,0,
1,4,13,33,85,212,350,389,316,185,74,21,7,4,1,0,
1,4,13,32,88,207,356,438,420,324,157,55,25,9,4,0,
Generated graph with 496 nodes and 1247 edges


Infection probability: 0.5
Patient zero: 1
1,1,2,4,9,23,63,169,356,468,365,138,23,6,2,1,1,0,
1,3,8,20,56,168,359,499,487,349,133,29,6,2,0,
1,2,5,13,41,132,317,493,500,379,160,33,5,1,1,0,
1,3,7,18,49,137,315,493,502,361,141,27,7,1,1,0,
1,1,2,5,15,46,134,321,517,575,572,533,422,225,55,13,5,2,1,1,0,
1,2,3,5,11,22,58,169,372,522,516,394,177,40,12,5,1,0,
1,1,2,3,7,18,50,146,348,521,537,453,231,69,13,2,2,2,2,0,
1,2,4,10,27,77,214,443,538,537,467,292,88,13,2,1,1,0,
1,2,5,7,21,49,144,343,522,541,457,276,72,14,3,1,0,
1,1,1,2,5,13,33,100,277,471,556,565,517,379,173,35,7,0,
Generated graph with 597 nodes and 1797 edges


Infection probability: 0.5
Patient zero: 1
1,5,20,87,325,660,721,540,189,14,1,0,
1,9,37,166,474,693,572,221,18,4,0,
1,6,34,159,452,646,427,76,6,1,1,1,1,1,1,0,
1,7,33,133,418,641,466,103,8,0,
1,7,25,98,326,670,706,497,140,13,2,1,0,
1,7,24,96,332,619,546,196,20,2,0,
1,4,17,81,296,646,649,335,44,1,0,
1,7,28,110,354,678,693,469,108,11,2,0,
1,5,26,104,361,661,642,355,53,8,0,
1,3,15,63,231,583,747,667,373,58,4,1,0,
Generated graph with 799 nodes and 3204 edges


Infection probability: 0.5
Patient zero: 1
1,2,7,32,117,342,583,650,554,312,74,10,2,0,
1,4,15,59,199,490,642,600,413,119,15,0,
1,4,17,56,187,433,588,456,172,23,3,0,
1,5,19,61,218,498,600,496,214,35,10,3,2,1,1,0,
1,5,27,103,319,589,615,462,179,35,11,3,1,1,1,0,
1,2,6,27,97,283,573,669,643,509,224,39,6,0,
1,6,32,127,374,609,578,350,87,14,5,2,0,
1,5,24,97,312,591,618,456,188,32,6,2,2,0,
1,3,15,66,247,513,593,448,159,29,1,0,
1,4,21,80,261,525,605,446,172,21,4,2,1,1,1,0,
Generated graph with 700 nodes and 2447 edges


Infection probability: 0.5
Patient zero: 1
1,12,62,258,666,763,444,67,3,2,0,
1,11,58,255,683,865,799,519,110,5,0,
1,11,63,258,676,847,698,279,24,2,0,
1,15,82,340,766,830,621,172,16,1,0,
1,10,50,225,617,838,752,408,51,1,0,
1,15,75,305,748,870,786,463,79,6,3,1,1,0,
1,12,64,276,694,828,625,199,12,1,0,
1,12,69,275,688,833,646,219,11,0,
1,9,53,233,664,845,767,430,46,1,0,
1,11,61,258,693,852,710,307,27,3,0,
Generated graph with 900 nodes and 4022 edges


Infection probability: 0.5
Patient zero: 1
1,12,54,245,715,842,446,52,1,0,
1,10,51,227,656,718,239,9,1,1,0,
1,7,27,126,462,826,568,105,5,1,1,0,
1,8,41,193,629,869,503,63,1,1,0,
1,7,30,147,529,909,762,284,11,0,
1,7,45,214,676,913,691,182,10,2,0,
1,8,34,164,575,841,513,65,5,2,0,
1,6,37,167,565,870,558,87,4,1,0,
1,8,38,179,618,852,554,85,4,0,
1,6,28,131,486,861,667,173,8,0,
Generated graph with 1000 nodes and 4892 edges


Infection probability: 0.5
Patient zero: 1
1,8,61,421,1326,1312,527,10,0,
1,8,56,371,1269,1202,335,0,
1,12,80,507,1328,994,96,0,
1,9,77,525,1366,1191,307,2,0,
1,8,58,422,1341,1383,814,37,0,
1,11,86,569,1416,1260,423,3,0,
1,10,70,457,1365,1328,607,11,0,
1,5,45,334,1217,1237,343,1,0,
1,9,66,465,1329,1259,408,5,0,
1,8,67,440,1342,1284,481,2,0,
Generated graph with 1500 nodes and 11367 edges


Infection probability: 0.5
Patient zero: 1
1,14,139,1045,1809,742,2,0,
1,16,164,1173,1942,1502,152,0,
1,13,139,1028,1762,590,0,
1,11,108,882,1914,1387,62,0,
1,13,140,1001,1934,1462,114,0,
1,9,95,790,1904,1410,101,0,
1,14,150,1099,1913,1309,48,0,
1,13,139,1058,1932,1478,117,0,
1,13,139,1033,1914,1335,63,0,
1,9,91,793,1963,1928,1361,63,0,
Generated graph with 2000 nodes and 19925 edges


Infection probability: 0.5
Patient zero: 1
1,32,736,4730,2168,0,
1,29,696,4814,3608,1,0,
1,26,594,4658,2649,0,
1,28,628,4739,3772,14,0,
1,29,678,4665,2010,0,
1,26,626,4777,4253,101,0,
1,30,727,4833,3765,8,0,
1,26,633,4679,2576,0,
1,35,798,4663,1406,0,
1,28,665,4708,2437,0,
Generated graph with 5000 nodes and 125137 edges


Infection probability: 0.5
Patient zero: 1
1,52,2297,8248,1,0,
1,51,2220,9537,938,0,
1,51,2230,8533,7,0,
1,52,2306,8575,6,0,
1,51,2331,9325,323,0,
1,54,2343,9432,561,0,
1,58,2513,9114,103,0,
1,59,2549,9279,256,0,
1,53,2311,9571,1112,0,
1,61,2660,9136,120,0,
Generated graph with 10000 nodes and 501401 edges


Infection probability: 0.5
Patient zero: 1
1,124,9148,8001,0,
1,117,8818,12573,0,
1,120,8984,13811,0,
1,104,8022,13146,0,
1,100,7847,16225,0,
1,106,8196,13566,0,
1,115,8721,13138,0,
1,112,8725,15952,0,
1,104,8140,16602,0,
1,107,8272,15981,0,
Generated graph with 20000 nodes and 1999050 edges
