

Number of nodes: 500
Number of edge multiples: 5
Infection probability: 0.5
Patient zero: 1
1,2,5,14,25,52,110,182,289,381,451,476,465,427,350,237,112,35,6,0,
1,3,11,29,58,122,209,324,426,476,476,456,417,337,215,105,37,8,0,
1,1,3,5,11,23,43,95,169,278,401,450,447,401,320,209,101,33,6,1,1,0,
1,3,7,16,35,67,118,208,305,387,393,332,220,99,34,4,0,
1,4,9,16,32,68,135,237,357,441,474,470,430,357,251,135,53,14,3,0,
1,2,6,14,27,54,112,203,316,419,446,430,373,267,154,60,8,0,
1,2,4,8,23,48,90,170,291,403,455,458,414,353,241,121,49,17,5,1,0,
1,3,10,25,56,120,220,336,432,460,439,382,284,172,67,13,1,0,
1,2,4,9,23,41,84,168,278,395,455,467,444,392,298,177,68,20,0,
1,3,10,17,39,86,157,264,370,424,406,334,219,102,33,11,5,0,
Generated graph with 500 nodes and 1000 edges


Number of nodes: 500
Number of edge multiples: 6
Infection probability: 0.5
Patient zero: 1
1,2,5,14,40,114,262,426,470,448,357,183,50,7,0,
1,4,10,30,88,224,398,484,492,476,432,318,145,18,4,0,
1,3,10,26,74,189,345,452,448,369,216,68,11,1,0,
1,2,5,16,43,113,256,415,435,331,168,42,5,0,
1,2,7,22,48,133,306,461,465,414,291,112,9,0,
1,2,7,23,74,192,361,480,480,445,349,195,49,0,
1,1,2,6,13,43,105,248,409,442,344,173,41,2,0,
1,3,10,29,77,197,347,450,427,304,118,15,1,0,
1,3,10,28,72,195,373,474,489,480,436,346,189,41,2,0,
1,1,2,5,17,46,120,279,441,475,429,323,155,29,1,0,
Generated graph with 500 nodes and 1500 edges


Number of nodes: 500
Number of edge multiples: 7
Infection probability: 0.5
Patient zero: 1
1,4,12,32,78,177,364,447,416,291,116,22,2,0,
1,5,11,30,95,223,352,329,176,35,5,1,0,
1,2,6,16,50,127,275,408,388,254,88,14,1,0,
1,1,4,9,21,60,159,303,385,288,110,10,0,
1,3,7,24,63,140,277,365,281,116,16,2,0,
1,3,10,34,103,247,382,388,254,93,11,0,
1,3,11,33,85,191,355,445,403,255,84,11,0,
1,5,15,47,125,262,383,365,208,50,1,0,
1,4,14,43,112,240,348,295,140,23,2,0,
1,4,13,39,105,235,392,431,341,147,17,2,0,
Generated graph with 500 nodes and 1500 edges


Number of nodes: 500
Number of edge multiples: 8
Infection probability: 0.5
Patient zero: 1
1,7,25,77,215,414,420,265,56,1,0,
1,7,32,104,281,443,398,222,27,0,
1,6,25,87,226,397,375,187,18,0,
1,8,30,97,265,434,397,220,34,0,
1,6,21,76,225,414,418,271,44,2,0,
1,5,19,70,195,376,390,209,34,2,0,
1,4,20,65,205,418,461,386,201,26,0,
1,6,20,78,233,435,467,373,176,19,0,
1,4,15,61,182,385,451,360,139,11,0,
1,4,22,72,214,398,371,172,16,0,
Generated graph with 500 nodes and 2000 edges


Number of nodes: 500
Number of edge multiples: 9
Infection probability: 0.5
Patient zero: 1
1,6,16,48,162,375,448,360,159,9,1,0,
1,5,20,64,202,420,486,460,354,139,13,1,0,
1,4,9,32,104,272,408,324,111,3,1,0,
1,5,16,50,166,372,450,376,165,17,0,
1,4,15,53,161,339,341,134,5,1,0,
1,5,22,80,235,444,457,351,152,10,0,
1,4,18,57,180,392,440,311,98,7,0,
1,2,9,32,100,284,445,404,227,38,2,0,
1,4,8,30,97,276,452,439,292,76,0,
1,3,12,38,119,302,444,358,159,14,0,
Generated graph with 500 nodes and 2000 edges


Number of nodes: 500
Number of edge multiples: 10
Infection probability: 0.5
Patient zero: 1
1,10,48,185,410,383,161,8,0,
1,11,48,180,392,363,119,2,0,
1,9,42,166,407,415,221,20,0,
1,10,37,148,375,412,213,15,0,
1,12,54,194,411,381,150,8,0,
1,10,51,171,395,341,100,1,0,
1,12,46,164,356,299,54,3,0,
1,8,38,144,367,378,139,4,0,
1,8,35,129,316,233,24,0,
1,6,27,109,316,404,212,14,0,
Generated graph with 500 nodes and 2500 edges


Number of nodes: 1000
Number of edge multiples: 5
Infection probability: 0.5
Patient zero: 1
1,5,11,21,44,91,165,286,474,711,856,895,856,740,542,311,131,39,12,1,1,1,0,
1,5,10,23,40,75,140,271,457,674,840,925,932,887,788,628,398,182,56,15,4,0,
1,5,11,20,44,92,171,319,530,740,854,875,810,681,472,240,95,27,7,0,
1,3,8,16,36,76,144,266,454,672,857,931,927,849,719,525,314,127,37,9,2,0,
1,5,11,24,48,94,180,326,503,725,885,934,910,841,714,528,312,128,39,7,1,0,
1,4,7,13,25,52,100,188,348,545,756,901,957,927,861,754,595,373,150,44,7,0,
1,4,8,15,30,63,126,243,433,660,818,901,899,832,696,489,255,90,26,8,1,0,
1,5,10,18,35,72,144,273,462,692,853,909,868,744,542,337,138,40,7,0,
1,4,11,27,55,103,183,337,545,760,911,953,947,898,812,648,432,211,86,28,6,0,
1,4,6,12,24,50,108,201,351,546,737,862,882,825,684,494,273,118,30,4,1,1,1,0,
Generated graph with 1000 nodes and 2000 edges


Number of nodes: 1000
Number of edge multiples: 6
Infection probability: 0.5
Patient zero: 1
1,2,5,14,46,129,326,669,917,926,806,549,200,21,0,
1,3,8,25,75,187,447,774,929,852,607,268,50,8,1,0,
1,3,8,27,70,195,445,774,920,863,648,315,65,10,1,0,
1,3,10,24,65,171,393,749,933,899,768,490,166,20,0,
1,1,4,11,28,83,218,485,812,923,856,640,285,45,4,1,0,
1,2,4,18,57,160,387,730,942,931,809,555,216,40,2,0,
1,3,7,26,79,223,512,835,923,822,592,252,46,3,0,
1,5,15,40,111,269,567,846,919,814,549,222,28,1,0,
1,1,5,13,34,93,237,536,838,925,833,585,242,33,1,0,
1,3,7,23,64,164,424,754,884,780,502,166,20,2,0,
Generated graph with 1000 nodes and 3000 edges


Number of nodes: 1000
Number of edge multiples: 7
Infection probability: 0.5
Patient zero: 1
1,5,23,79,220,499,836,952,899,740,424,108,9,1,0,
1,5,19,60,157,380,724,918,883,688,346,77,8,2,0,
1,6,22,64,190,463,797,961,966,908,763,460,136,15,2,0,
1,4,17,52,154,384,735,930,900,747,439,131,8,1,0,
1,4,16,54,148,366,696,922,947,861,661,304,61,4,1,0,
1,4,14,49,140,360,691,931,946,843,598,232,35,0,
1,4,13,42,134,363,714,930,925,790,511,162,19,0,
1,5,21,77,225,540,864,966,929,793,523,188,25,1,0,
1,3,11,36,102,271,588,883,936,835,580,253,37,1,0,
1,2,10,26,90,243,543,867,947,879,686,345,84,7,0,
Generated graph with 1000 nodes and 3000 edges


Number of nodes: 1000
Number of edge multiples: 8
Infection probability: 0.5
Patient zero: 1
1,7,28,100,333,750,959,902,700,272,19,0,
1,7,32,145,452,858,895,678,247,12,1,0,
1,8,37,138,426,842,955,850,513,109,1,0,
1,5,18,79,288,713,956,882,613,174,9,0,
1,5,24,117,377,777,951,850,545,134,2,0,
1,8,34,133,425,855,957,856,565,150,5,0,
1,6,33,117,400,818,937,819,487,92,1,0,
1,2,9,40,155,487,881,936,786,415,49,1,0,
1,5,19,80,271,684,951,934,783,390,43,1,0,
1,9,33,135,443,870,959,857,546,119,1,0,
Generated graph with 1000 nodes and 4000 edges


Number of nodes: 1000
Number of edge multiples: 9
Infection probability: 0.5
Patient zero: 1
1,5,21,77,258,641,874,697,290,17,0,
1,6,24,89,298,696,930,850,519,106,4,0,
1,7,33,114,368,802,969,914,726,324,35,1,0,
1,6,22,83,277,665,919,837,518,106,0,
1,7,27,97,321,727,866,633,206,7,0,
1,6,23,85,282,686,898,744,347,33,1,0,
1,7,28,99,335,766,944,846,537,130,6,0,
1,6,21,73,217,583,873,798,429,62,4,0,
1,7,27,93,322,703,846,569,156,7,0,
1,5,21,82,292,710,956,910,694,260,26,1,0,
Generated graph with 1000 nodes and 4000 edges


Number of nodes: 1000
Number of edge multiples: 10
Infection probability: 0.5
Patient zero: 1
1,6,27,120,439,881,838,439,34,0,
1,4,14,64,249,671,783,359,18,0,
1,5,17,73,302,746,862,535,79,1,0,
1,5,19,76,308,731,666,166,2,0,
1,5,25,113,421,859,787,364,21,0,
1,5,27,121,433,868,816,408,26,0,
1,6,36,151,533,916,853,492,58,1,0,
1,4,16,64,248,716,959,893,593,100,1,0,
1,3,11,56,237,713,950,847,460,40,0,
1,6,34,152,509,909,841,454,48,1,0,
Generated graph with 1000 nodes and 5000 edges


Number of nodes: 5000
Number of edge multiples: 5
Infection probability: 0.5
Patient zero: 1
1,2,4,8,16,37,78,161,348,700,1375,2385,3579,4421,4778,4850,4758,4530,4113,3402,2346,1228,466,126,28,8,1,0,
1,3,6,12,26,51,99,191,380,757,1414,2418,3614,4463,4834,4916,4884,4770,4514,4063,3282,2181,1045,342,94,29,8,1,0,
1,2,6,15,30,66,142,293,593,1156,2030,3164,4215,4731,4891,4885,4769,4555,4122,3364,2301,1189,393,104,19,7,0,
1,3,6,12,22,44,84,170,371,743,1417,2415,3574,4466,4859,4967,4981,4962,4930,4864,4738,4493,4024,3185,2040,936,305,70,13,1,1,0,
1,3,5,9,20,36,83,183,360,711,1316,2218,3327,4342,4817,4940,4939,4879,4748,4453,3954,3073,1971,906,283,68,24,9,0,
1,3,8,16,46,110,215,428,847,1581,2658,3768,4565,4861,4893,4813,4622,4265,3583,2596,1455,581,153,33,9,2,0,
1,2,4,7,14,27,55,115,235,472,956,1795,2932,3936,4672,4918,4950,4913,4832,4646,4303,3665,2680,1513,580,154,38,8,3,2,2,0,
1,3,5,11,26,57,121,247,492,977,1759,2854,3979,4666,4920,4978,4980,4970,4937,4870,4733,4473,4003,3222,2095,1027,344,85,20,2,0,
1,4,9,21,49,108,237,487,968,1787,2894,3990,4663,4898,4935,4891,4769,4510,4014,3231,2159,1098,397,96,21,3,1,0,
1,3,5,12,27,57,124,256,529,1045,1870,2995,4058,4666,4839,4782,4575,4157,3416,2340,1208,449,119,19,2,1,0,
Generated graph with 5000 nodes and 10000 edges


Number of nodes: 5000
Number of edge multiples: 6
Infection probability: 0.5
Patient zero: 1
1,6,21,65,197,580,1475,3108,4530,4813,4566,3843,2319,669,62,3,0,
1,6,25,71,213,590,1528,3150,4519,4753,4364,3372,1701,367,29,2,0,
1,5,19,53,156,440,1181,2668,4253,4688,4328,3318,1661,331,31,2,0,
1,5,19,63,200,597,1575,3279,4540,4670,4173,2992,1211,190,16,0,
1,6,22,74,237,695,1731,3452,4695,4924,4818,4470,3628,2020,548,57,5,1,1,0,
1,2,8,28,76,229,656,1710,3427,4687,4939,4877,4641,4004,2661,927,109,5,0,
1,4,17,53,164,474,1258,2803,4358,4804,4624,4025,2696,983,130,4,0,
1,6,20,68,197,557,1454,3108,4548,4845,4648,3993,2617,893,104,5,2,0,
1,5,18,48,142,408,1141,2566,4177,4693,4422,3509,1865,412,37,4,0,
1,6,20,66,195,533,1374,3006,4424,4683,4200,2987,1205,184,16,1,0,
Generated graph with 5000 nodes and 15000 edges


Number of nodes: 5000
Number of edge multiples: 7
Infection probability: 0.5
Patient zero: 1
1,2,7,26,77,222,655,1667,3372,4619,4793,4531,3776,2286,690,60,4,1,0,
1,5,16,55,168,504,1293,2867,4435,4913,4888,4696,4122,2868,1108,150,8,0,
1,5,17,51,159,442,1205,2729,4295,4860,4814,4482,3629,2008,521,45,5,1,1,0,
1,3,8,25,75,220,623,1613,3311,4622,4947,4921,4774,4365,3422,1700,321,25,2,0,
1,4,12,34,88,247,666,1668,3353,4622,4886,4767,4373,3365,1672,337,34,1,0,
1,2,7,24,75,218,603,1571,3260,4627,4912,4831,4532,3767,2255,627,61,7,1,0,
1,3,11,32,83,234,648,1633,3330,4625,4918,4861,4622,3962,2603,886,119,8,2,0,
1,4,14,42,118,377,1041,2452,4129,4862,4874,4658,4068,2821,1161,179,7,0,
1,4,16,48,144,398,1066,2444,4153,4864,4883,4692,4123,2847,1109,150,9,0,
1,5,16,47,126,376,1053,2462,4174,4909,4963,4898,4702,4172,2992,1233,195,10,1,0,
Generated graph with 5000 nodes and 15000 edges


Number of nodes: 5000
Number of edge multiples: 8
Infection probability: 0.5
Patient zero: 1
1,5,24,103,392,1292,3351,4837,4933,4763,4158,2498,476,11,0,
1,4,23,83,313,1116,2981,4712,4982,4952,4814,4354,2913,770,30,0,
1,5,25,103,389,1275,3314,4802,4914,4691,3922,2017,251,5,0,
1,3,12,55,209,762,2338,4441,4950,4892,4578,3580,1503,125,0,
1,4,19,81,309,1089,2948,4693,4938,4798,4248,2734,660,36,0,
1,7,31,123,464,1554,3675,4863,4843,4410,3092,944,42,1,0,
1,4,20,77,284,995,2822,4634,4785,4265,2734,622,24,1,0,
1,2,8,37,139,487,1570,3670,4874,4829,4379,3044,922,43,2,1,1,0,
1,2,8,39,149,558,1803,3969,4929,4934,4728,4052,2286,404,11,0,
1,5,18,74,306,1075,2971,4720,4976,4925,4726,4021,2150,333,5,0,
Generated graph with 5000 nodes and 20000 edges


Number of nodes: 5000
Number of edge multiples: 9
Infection probability: 0.5
Patient zero: 1
1,6,23,93,377,1325,3345,4798,4877,4574,3533,1464,116,0,
1,6,24,115,445,1509,3676,4850,4822,4338,2951,822,35,1,0,
1,4,21,77,274,952,2665,4401,4324,2906,723,31,1,0,
1,3,13,36,135,506,1664,3832,4863,4774,4225,2722,589,13,1,0,
1,6,26,103,406,1409,3485,4606,3953,2121,295,6,0,
1,6,20,81,324,1152,3061,4556,4200,2641,569,20,0,
1,5,23,90,340,1204,3219,4715,4591,3613,1563,123,1,0,
1,5,23,100,399,1353,3447,4821,4804,4274,2737,691,21,0,
1,2,12,54,233,859,2528,4523,4932,4779,4212,2682,588,16,0,
1,5,21,96,350,1233,3192,4722,4625,3741,1715,201,3,0,
Generated graph with 5000 nodes and 20000 edges


Number of nodes: 5000
Number of edge multiples: 10
Infection probability: 0.5
Patient zero: 1
1,5,27,115,492,1891,4164,4296,2518,286,3,0,
1,7,39,177,807,2734,4593,3978,1794,102,2,0,
1,4,19,93,430,1710,4132,4658,3625,1237,37,0,
1,5,18,93,431,1715,4202,4890,4600,3436,953,25,0,
1,5,23,121,549,2072,4453,4924,4703,3746,1406,61,0,
1,5,25,112,492,1913,4246,4346,2680,348,3,0,
1,3,18,83,380,1569,4026,4812,4255,2373,247,2,0,
1,8,38,185,820,2792,4670,4291,2467,296,5,0,
1,8,39,174,760,2628,4643,4473,3038,593,6,0,
1,7,35,161,742,2583,4685,4754,3928,1677,94,2,0,
Generated graph with 5000 nodes and 25000 edges


Number of nodes: 10000
Number of edge multiples: 5
Infection probability: 0.5
Patient zero: 1
1,4,6,11,21,40,79,165,350,700,1387,2609,4508,6789,8635,9555,9734,9615,9247,8513,7190,5122,2824,1030,273,52,7,2,0,
1,3,5,7,11,21,44,94,208,431,896,1766,3217,5372,7647,9155,9613,9554,9151,8340,6871,4751,2465,880,242,51,14,3,2,1,0,
1,1,3,8,17,32,62,110,212,435,864,1696,3106,5181,7466,9028,9717,9866,9830,9672,9340,8708,7611,5812,3520,1505,428,101,19,1,0,
1,2,4,8,21,46,100,201,393,783,1534,2823,4862,7074,8757,9531,9649,9437,8932,7945,6265,4026,1862,594,142,27,8,3,1,0,
1,3,6,13,26,53,105,221,453,889,1737,3250,5382,7650,9157,9754,9859,9800,9588,9159,8337,6883,4808,2555,945,262,58,13,3,1,0,
1,3,6,11,23,48,98,201,403,817,1605,2940,4937,7197,8821,9479,9463,9050,8172,6645,4439,2179,747,165,28,6,0,
1,3,5,9,18,33,66,144,305,608,1235,2397,4244,6563,8580,9593,9880,9905,9827,9638,9271,8564,7256,5248,2964,1198,346,75,14,1,1,0,
1,4,5,7,17,27,58,128,267,552,1079,2068,3703,5933,8116,9356,9765,9777,9635,9280,8566,7294,5417,3090,1250,354,89,20,3,0,
1,2,4,6,11,21,40,76,158,337,688,1383,2601,4452,6729,8639,9537,9761,9641,9340,8727,7615,5863,3642,1614,478,100,15,2,1,0,
1,3,5,8,17,35,73,148,306,640,1287,2457,4296,6582,8478,9386,9502,9196,8507,7240,5253,2831,1066,279,67,11,4,0,
Generated graph with 10000 nodes and 20000 edges


Number of nodes: 10000
Number of edge multiples: 6
Infection probability: 0.5
Patient zero: 1
1,4,13,39,110,310,890,2325,5191,8457,9659,9464,8512,6315,2886,510,40,4,1,0,
1,2,5,17,51,152,446,1260,3192,6473,9129,9625,9100,7585,4560,1304,135,11,0,
1,4,14,49,142,412,1178,3015,6278,8987,9486,8796,6907,3575,770,66,6,0,
1,7,21,61,179,545,1535,3793,7320,9488,9734,9314,8105,5462,1948,247,20,1,0,
1,4,10,37,110,351,1013,2705,5886,8914,9787,9630,8995,7298,4231,1084,105,9,0,
1,5,17,54,160,495,1365,3466,6878,9227,9442,8508,6273,2813,473,40,4,1,0,
1,3,14,42,112,313,910,2444,5419,8542,9288,8348,5917,2421,345,31,0,
1,6,22,71,220,637,1801,4327,7776,9654,9850,9620,8912,7134,3869,892,74,6,0,
1,6,21,72,213,633,1784,4378,7854,9544,9394,8374,5983,2434,364,22,2,1,0,
1,6,21,64,191,553,1532,3838,7332,9531,9830,9543,8681,6632,3256,645,62,2,0,
Generated graph with 10000 nodes and 30000 edges


Number of nodes: 10000
Number of edge multiples: 7
Infection probability: 0.5
Patient zero: 1
1,4,16,47,149,438,1226,3136,6437,8936,9007,7586,4475,1219,114,6,0,
1,5,18,53,161,532,1523,3752,7206,9258,9075,7677,4730,1395,136,7,2,0,
1,6,20,60,190,583,1644,3999,7339,9079,8444,6162,2682,433,41,4,0,
1,6,21,70,229,655,1781,4335,7848,9584,9677,9132,7629,4670,1352,144,5,1,0,
1,5,14,45,136,416,1163,3050,6386,8991,9205,8007,5295,1801,236,22,3,0,
1,4,14,48,160,489,1368,3436,6928,9421,9924,9877,9612,8862,7044,3744,859,84,5,1,0,
1,4,16,56,178,512,1450,3649,7060,9085,8757,6884,3477,765,58,2,0,
1,5,15,50,158,454,1300,3315,6696,9252,9776,9516,8650,6506,3092,581,50,3,0,
1,5,15,58,176,519,1436,3611,6946,9073,8757,6892,3589,777,63,4,0,
1,5,21,68,203,574,1624,3909,7208,9129,8717,6796,3401,719,59,7,0,
Generated graph with 10000 nodes and 30000 edges


Number of nodes: 10000
Number of edge multiples: 8
Infection probability: 0.5
Patient zero: 1
1,4,17,60,192,708,2457,6402,9588,9906,9642,8670,5922,1629,76,2,0,
1,3,9,28,92,350,1245,3953,8048,8961,6854,2544,187,4,0,
1,5,24,97,355,1243,3896,8123,9738,9326,7659,3803,452,11,0,
1,5,24,96,353,1272,3974,8249,9893,9837,9379,7896,4236,630,18,0,
1,5,21,82,297,1080,3525,7920,9846,9805,9248,7402,3306,305,3,0,
1,5,22,81,296,1085,3486,7757,9756,9577,8485,5393,1292,43,0,
1,5,20,64,215,795,2668,6636,9534,9488,8172,4683,851,26,1,0,
1,5,21,78,285,1029,3396,7663,9767,9629,8662,5804,1535,64,1,0,
1,3,12,56,187,685,2321,6075,9495,9883,9585,8519,5544,1328,52,1,0,
1,5,17,61,220,812,2744,6802,9552,9492,8201,4681,823,27,1,0,
Generated graph with 10000 nodes and 40000 edges


Number of nodes: 10000
Number of edge multiples: 9
Infection probability: 0.5
Patient zero: 1
1,2,7,24,102,407,1481,4566,8748,9772,9297,7537,3641,411,10,1,1,0,
1,7,26,108,415,1532,4527,8439,8964,6796,2410,155,3,0,
1,3,12,52,215,818,2780,6892,9527,9194,7281,3109,289,3,0,
1,5,21,91,322,1225,3892,8126,9818,9656,8763,6061,1758,83,3,0,
1,6,19,66,258,934,3057,7277,9555,9021,6820,2549,195,3,1,0,
1,6,27,110,421,1507,4599,8702,9580,8645,5820,1503,59,1,0,
1,5,24,97,407,1509,4602,8669,9395,7954,4380,707,25,2,0,
1,3,15,65,264,954,3145,7326,9653,9290,7622,3746,438,11,0,
1,7,34,142,533,1871,5302,9031,9322,7702,3831,467,11,0,
1,7,26,107,428,1518,4527,8522,9148,7310,3302,330,8,0,
Generated graph with 10000 nodes and 40000 edges


Number of nodes: 10000
Number of edge multiples: 10
Infection probability: 0.5
Patient zero: 1
1,9,47,246,1127,4269,8844,9206,6878,2003,46,0,
1,9,42,223,1009,3851,8720,9676,8598,5022,632,3,0,
1,7,41,201,941,3630,8372,9265,7030,2077,55,0,
1,7,33,177,793,3153,8093,9853,9481,7780,3249,178,2,0,
1,3,18,101,473,2004,6313,9553,9101,6467,1537,21,0,
1,8,45,212,1032,4002,8842,9690,8611,5023,613,7,0,
1,7,42,216,923,3546,8410,9702,8818,5543,854,7,0,
1,8,45,212,1007,3869,8660,9633,8484,4680,489,2,0,
1,9,54,259,1163,4320,8802,8586,4997,597,2,0,
1,9,49,220,973,3769,8557,9330,7227,2399,80,1,0,
Generated graph with 10000 nodes and 50000 edges


Number of nodes: 25000
Number of edge multiples: 5
Infection probability: 0.5
Patient zero: 1
1,3,9,25,59,133,292,592,1195,2452,4621,8362,13718,19348,23113,24461,24720,24653,24347,23675,22353,19910,15696,9974,4543,1387,318,53,13,5,0,
1,3,8,18,43,93,206,418,852,1727,3411,6443,11179,16980,21800,24102,24773,24889,24842,24693,24370,23688,22347,19854,15772,10237,4803,1545,367,88,21,4,2,0,
1,3,9,21,52,109,250,519,1062,2113,4149,7619,12757,18356,22500,24327,24821,24879,24825,24671,24350,23713,22385,19946,15798,10226,4816,1534,364,77,12,3,0,
1,3,7,17,47,107,224,476,981,1987,3922,7316,12382,18191,22496,24359,24865,24955,24967,24937,24872,24749,24492,23945,22899,20867,17304,12054,6320,2301,599,135,39,9,1,0,
1,2,7,17,38,82,185,402,867,1744,3389,6314,11102,16898,21663,24044,24737,24891,24861,24707,24379,23733,22456,20127,16211,10726,5301,1749,459,78,18,4,1,0,
1,2,6,15,34,79,173,379,760,1512,2973,5655,10019,15717,20878,23736,24698,24931,24982,24983,24969,24937,24872,24727,24449,23884,22719,20541,16843,11569,5924,2093,545,133,36,9,2,1,0,
1,3,8,19,49,106,227,463,976,1999,3929,7275,12241,18053,22388,24299,24781,24869,24804,24609,24191,23357,21752,18794,14111,8383,3552,1024,214,56,14,3,1,1,1,1,0,
1,2,7,22,45,102,232,498,1031,2149,4250,7862,13216,18881,22764,24379,24865,24964,24977,24969,24941,24884,24765,24510,24016,23014,21139,17810,12882,7181,2792,772,162,31,6,0,
1,3,6,14,32,74,162,363,757,1540,3074,5844,10239,15983,21085,23786,24735,24955,24982,24977,24953,24899,24790,24564,24114,23199,21453,18264,13388,7569,2969,833,191,41,12,5,2,2,0,
1,3,12,31,77,166,351,738,1528,3048,5800,10213,15905,20984,23765,24692,24874,24820,24629,24230,23399,21889,19068,14559,8789,3759,1077,238,58,17,3,1,0,
Generated graph with 25000 nodes and 50000 edges


Number of nodes: 25000
Number of edge multiples: 6
Infection probability: 0.5
Patient zero: 1
1,4,17,56,178,549,1592,4394,10683,19436,24131,24681,24216,22720,18931,11457,3310,362,18,1,0,
1,5,19,67,196,596,1765,4909,11692,20346,24387,24928,24878,24674,24027,22275,17870,9788,2258,207,11,2,0,
1,5,21,70,229,684,2001,5451,12625,21128,24540,24826,24585,23783,21563,16272,7647,1344,105,7,0,
1,4,14,44,135,409,1209,3483,8804,17279,23123,23443,20894,14859,6119,951,66,7,0,
1,4,19,72,224,677,1939,5317,12382,20861,24471,24832,24596,23828,21649,16466,7931,1584,118,6,0,
1,6,18,62,198,608,1770,4792,11375,19963,24170,24397,23412,20529,14114,5395,771,47,4,0,
1,5,16,51,156,456,1349,3733,9332,17905,23579,24321,23250,20100,13394,4589,604,41,4,0,
1,5,15,44,158,457,1290,3638,9226,17861,23696,24650,24233,22772,18991,11507,3377,337,22,2,0,
1,4,15,42,135,412,1215,3438,8686,17182,23314,24353,23499,20856,14824,6043,860,53,6,0,
1,4,17,70,216,636,1876,5120,11911,20446,24294,24335,23170,19924,13068,4535,531,21,0,
Generated graph with 25000 nodes and 75000 edges


Number of nodes: 25000
Number of edge multiples: 7
Infection probability: 0.5
Patient zero: 1
1,3,6,16,42,104,291,833,2329,6299,14045,21817,23628,21868,16976,8458,1778,124,9,0,
1,3,9,25,81,241,726,2097,5730,13069,21278,24412,24382,23284,20281,13707,4952,635,50,3,0,
1,2,5,17,53,168,505,1436,3995,9858,18603,23860,24420,23514,20887,14888,6117,918,56,7,2,0,
1,5,11,32,92,277,820,2324,6234,13719,21343,23208,20842,14778,6056,896,73,2,1,0,
1,3,9,27,90,268,799,2334,6285,13859,21792,24315,23897,21954,17178,8805,1832,135,9,1,0,
1,4,11,32,106,318,973,2791,7192,15324,22689,24474,23922,21992,17320,8974,1999,155,11,2,1,0,
1,4,15,38,112,323,967,2762,7279,15405,22681,24615,24433,23385,20555,14270,5561,785,47,2,0,
1,6,17,44,136,420,1253,3545,8984,17564,23528,24623,24163,22593,18593,10880,2974,292,25,2,0,
1,6,20,65,190,581,1751,4875,11653,20265,24324,24652,24157,22614,18561,10800,2827,241,11,0,
1,3,8,20,57,169,486,1392,3876,9755,18656,23927,24721,24414,23283,20289,13731,5007,677,44,6,1,0,
Generated graph with 25000 nodes and 75000 edges


Number of nodes: 25000
Number of edge multiples: 8
Infection probability: 0.5
Patient zero: 1
1,3,16,65,243,924,3369,10588,21287,24716,24478,23073,18376,8359,830,18,0,
1,7,30,103,384,1497,5229,14457,23471,24761,24238,22189,15918,5186,283,5,0,
1,6,24,89,365,1387,4921,13771,23169,24782,24324,22441,16694,5919,431,16,0,
1,4,18,64,236,890,3218,10080,20854,24615,24255,22197,15986,5226,312,5,0,
1,5,20,78,307,1156,4111,12262,22404,24733,24285,22402,16471,5741,379,13,0,
1,4,12,50,193,730,2733,8716,19486,24650,24848,24455,23003,18312,8077,816,17,1,0,
1,8,31,98,356,1394,4872,13680,23089,24902,24802,24248,22253,16063,5189,306,5,0,
1,5,23,85,318,1213,4327,12714,22596,24819,24570,23336,19201,9621,1198,23,1,0,
1,4,17,63,241,924,3437,10648,21371,24801,24803,24287,22329,16348,5456,324,5,0,
1,7,29,118,464,1782,6236,16235,23935,24400,22794,17549,7041,557,12,0,
Generated graph with 25000 nodes and 100000 edges


Number of nodes: 25000
Number of edge multiples: 9
Infection probability: 0.5
Patient zero: 1
1,4,21,78,263,1013,3641,11046,21555,24717,24375,22704,17458,6822,541,13,0,
1,8,28,110,404,1532,5299,14612,23445,24631,23748,20602,12299,2338,59,0,
1,2,10,34,126,480,1781,6081,15874,23422,22747,17571,6925,539,10,0,
1,5,18,68,259,1010,3661,11159,21550,24508,23645,20187,11220,1830,45,1,0,
1,5,22,83,294,1072,3939,11772,21747,23307,19472,9990,1323,30,0,
1,3,12,50,187,688,2586,8365,18784,23080,19666,10378,1488,51,0,
1,7,22,73,285,1060,3841,11418,21089,21955,15734,4995,273,6,0,
1,4,15,62,241,918,3289,10323,20969,24262,23000,18339,8234,783,13,1,0,
1,3,11,36,126,468,1738,5979,15709,22916,21411,14087,3500,116,0,
1,6,23,86,328,1220,4346,12652,22475,24213,22312,16220,5389,323,8,0,
Generated graph with 25000 nodes and 100000 edges


Number of nodes: 25000
Number of edge multiples: 10
Infection probability: 0.5
Patient zero: 1
1,8,31,134,628,2881,10678,21914,21955,14030,2267,27,0,
1,4,17,73,335,1547,6353,17811,22142,15026,2897,28,1,0,
1,8,44,206,986,4203,13996,23462,22202,14467,2601,27,0,
1,7,27,133,634,2716,10111,20961,19025,7557,278,2,0,
1,6,18,78,347,1669,6808,18832,23667,19984,9315,560,3,0,
1,6,27,112,521,2335,9097,21311,24121,21350,12121,1371,17,0,
1,3,12,57,261,1240,5230,15755,21279,13066,1687,13,0,
1,2,14,67,328,1562,6336,17843,22398,15823,3502,52,0,
1,3,18,89,415,1881,7557,19086,21037,11659,1143,4,0,
1,5,24,118,552,2533,9705,21826,24208,21657,13015,1680,14,0,
Generated graph with 25000 nodes and 125000 edges


Number of nodes: 50000
Number of edge multiples: 5
Infection probability: 0.5
Patient zero: 1
1,4,10,21,44,91,185,377,771,1541,3129,6255,11955,21021,32638,42521,47762,49246,49372,48872,47721,45381,40943,33367,22588,11477,3975,974,188,39,10,3,0,
1,3,8,13,26,60,125,238,482,974,2012,4067,7957,14733,24970,36392,44867,48199,48815,48160,46457,42967,36686,26802,15157,5966,1650,363,86,17,4,2,0,
1,3,8,17,43,89,200,412,869,1812,3734,7417,13965,23953,35663,44467,48373,49286,49133,48327,46637,43276,37250,27769,16257,6765,1870,422,90,18,3,0,
1,3,10,25,51,98,200,418,857,1725,3453,6808,12933,22431,33944,43496,48193,49563,49806,49726,49460,48925,47806,45637,41503,34363,23814,12300,4417,1134,234,43,11,3,2,1,0,
1,3,4,11,25,58,111,226,464,990,2038,4166,8225,15122,25334,36839,45184,48758,49635,49760,49606,49216,48453,46803,43604,37863,28626,16994,7047,2068,495,83,16,7,2,0,
1,3,6,14,34,63,126,240,488,1009,2050,4108,8035,14860,24975,36380,44818,48553,49509,49508,49108,48208,46354,42766,36395,26548,15032,5861,1584,352,87,22,5,1,0,
1,2,4,11,21,40,79,152,330,659,1346,2783,5617,10838,19370,30806,41274,47305,49315,49731,49739,49530,49059,48062,46143,42373,35698,25654,14163,5425,1425,355,71,16,5,2,0,
1,4,7,15,29,59,117,254,504,1034,2107,4286,8421,15590,26104,37519,45415,48657,49327,49047,48131,46216,42567,36085,26069,14424,5463,1439,322,69,15,1,0,
1,2,6,12,31,69,138,280,559,1114,2262,4606,9018,16476,27184,38375,45888,48838,49407,49163,48312,46516,43114,36967,27260,15563,6266,1730,382,75,18,5,1,0,
1,4,9,15,33,75,177,353,753,1522,3047,6104,11730,20884,32595,42507,47552,48764,48327,46749,43526,37679,28321,16695,6857,1933,429,95,19,5,2,1,0,
Generated graph with 50000 nodes and 100000 edges


Number of nodes: 50000
Number of edge multiples: 6
Infection probability: 0.5
Patient zero: 1
1,3,11,32,102,324,984,2845,7889,19541,37088,47919,49770,49678,49057,47146,42026,30221,12800,2123,153,5,2,0,
1,4,11,42,136,399,1192,3402,9393,22333,39710,48562,49678,49293,47927,44100,34781,18014,3983,337,20,2,0,
1,5,16,57,174,500,1533,4338,11663,26341,42867,49204,49867,49717,49160,47552,43040,32452,15229,2885,221,12,1,1,0,
1,4,13,46,143,416,1234,3528,9657,23060,40446,48746,49724,49416,48286,45109,36965,21340,5699,612,42,1,0,
1,3,8,28,87,263,762,2154,6140,15862,32724,46449,49702,49874,49665,49010,47102,41961,30277,12929,2105,163,11,2,0,
1,4,14,43,138,410,1230,3616,9866,23512,40858,48839,49833,49691,49049,47180,42273,30762,13428,2226,157,2,0,
1,1,3,15,51,169,493,1432,4086,11200,25742,42514,48812,48778,46544,40517,27388,10095,1279,89,5,2,0,
1,3,12,42,139,411,1178,3415,9520,22598,40028,48635,49687,49363,48158,44696,36027,20013,4962,450,32,0,
1,4,13,40,132,384,1161,3389,9348,22266,39708,48671,49897,49919,49769,49281,47872,44059,34580,18013,3952,312,23,3,1,0,
1,4,22,70,216,642,1878,5338,14054,30123,45174,49534,49834,49598,48807,46532,40477,27225,9871,1270,99,7,0,
Generated graph with 50000 nodes and 150000 edges


Number of nodes: 50000
Number of edge multiples: 7
Infection probability: 0.5
Patient zero: 1
1,7,18,64,193,565,1695,4724,12713,28046,43726,48632,47656,43519,33457,16520,3311,278,19,2,0,
1,6,26,82,231,696,2028,5733,15012,31577,45723,49015,48078,44696,36301,20449,5204,492,33,2,0,
1,5,17,42,133,407,1223,3452,9442,22587,39742,48163,48329,45376,37649,22411,6415,618,44,3,0,
1,3,9,27,71,210,630,1789,5064,13433,29226,44662,49456,49690,49170,47618,43280,32965,15852,3009,215,10,0,
1,6,21,65,194,574,1701,4924,13026,28630,43910,48091,45955,39011,24779,8029,896,69,2,0,
1,4,17,52,151,428,1298,3728,10193,23938,40964,48559,48959,47213,42254,30873,13472,2252,166,15,2,0,
1,4,13,38,96,291,875,2597,7241,18196,35543,47396,49567,49208,47697,43501,33421,16343,3284,262,18,1,0,
1,5,15,49,139,394,1127,3343,9210,21944,39272,48193,49017,47397,42795,31907,14526,2633,205,16,0,
1,3,10,25,68,194,560,1699,4794,12760,28258,43915,48858,48290,45333,37635,22402,6275,603,40,1,0,
1,4,16,46,146,413,1156,3304,9074,21695,38994,48235,49251,48097,44556,35683,19290,4574,404,36,1,0,
Generated graph with 50000 nodes and 150000 edges


Number of nodes: 50000
Number of edge multiples: 8
Infection probability: 0.5
Patient zero: 1
1,5,23,86,346,1323,4865,16035,37241,48221,46625,38375,18895,2248,49,0,
1,4,14,51,181,705,2644,9375,26719,45820,48910,46441,37750,17909,2014,56,3,0,
1,4,19,63,245,931,3441,11905,31486,47726,48924,46164,36927,16756,1724,32,1,0,
1,4,12,51,178,665,2505,8972,25976,44621,45597,35572,14782,1235,17,0,
1,5,18,72,272,1048,4015,13729,34333,48295,48849,45818,35861,15114,1287,28,2,0,
1,7,31,130,497,1929,6997,21571,42336,47288,41276,24639,4820,144,5,0,
1,5,27,107,415,1570,5704,18438,39752,47699,43650,29873,8255,392,11,0,
1,5,22,81,306,1141,4178,14059,34637,48320,48703,45326,34493,13276,969,19,1,0,
1,5,23,93,391,1532,5537,17833,38872,46539,39987,21817,3224,78,3,0,
1,3,8,27,98,354,1372,5061,16542,37319,45638,37891,18541,2238,59,1,0,
Generated graph with 50000 nodes and 200000 edges


Number of nodes: 50000
Number of edge multiples: 9
Infection probability: 0.5
Patient zero: 1
1,6,25,105,408,1516,5602,18339,39770,49341,49701,48883,45881,36026,15206,1337,22,0,
1,3,14,55,205,733,2763,9805,27685,46429,49723,49303,47437,40988,24045,4348,112,2,0,
1,4,16,61,241,896,3317,11585,30866,46889,46881,39258,20574,2854,61,1,0,
1,6,20,83,312,1204,4513,15144,36436,48924,49805,49340,47457,40960,23819,4225,99,0,
1,2,7,28,111,419,1527,5644,18325,39978,49018,48245,43603,29972,8330,387,13,0,
1,5,22,93,363,1396,5201,17019,38552,49246,49929,49816,49277,47306,40384,22675,3801,103,0,
1,2,5,16,52,202,817,3100,10842,29726,47114,49519,48380,44064,31185,9480,483,10,1,0,
1,6,21,86,332,1260,4714,15710,37104,49001,49663,48803,45526,34990,13757,1052,26,1,0,
1,7,23,86,318,1190,4474,15074,36228,48679,49037,46481,37967,18312,2054,42,1,0,
1,6,23,89,344,1306,4873,15945,37266,48554,47918,42516,27279,6360,230,7,0,
Generated graph with 50000 nodes and 200000 edges


Number of nodes: 50000
Number of edge multiples: 10
Infection probability: 0.5
Patient zero: 1
1,7,33,157,741,3413,14025,37812,46784,38011,14935,593,0,
1,5,21,103,507,2380,10225,31625,45414,35147,10604,272,1,0,
1,4,19,92,426,1976,8605,28571,46301,41528,21628,1799,12,0,
1,7,29,140,651,3054,12881,36505,49243,48665,43979,27745,4347,47,0,
1,4,18,88,429,2012,8758,29144,47777,46807,36810,12841,391,2,0,
1,6,27,118,568,2641,11119,33716,48844,48183,42115,22696,2154,12,0,
1,7,39,167,798,3654,14840,38980,46704,37210,13373,466,1,0,
1,6,22,104,507,2363,10257,32086,47110,41516,21733,1906,8,0,
1,7,33,156,713,3325,13789,37735,48432,44503,29175,5190,65,1,0,
1,6,36,166,782,3662,14941,39335,48813,45737,33138,8478,152,0,
Generated graph with 50000 nodes and 250000 edges
