

Number of nodes: 500
Number of edge multiples: 5
Infection probability: 0.5
Patient zero: 1
1,1,2,7,16,34,62,126,226,339,434,479,497,499,499,500,
1,3,6,14,31,65,132,227,332,419,475,494,498,500,
1,2,4,7,16,38,63,111,187,294,410,467,487,499,500,
1,2,4,8,26,56,111,209,323,419,480,494,499,500,
1,4,11,17,37,82,160,265,377,465,498,500,
1,2,4,8,17,34,70,137,227,337,436,484,497,499,500,
1,1,3,7,17,35,69,141,240,349,437,489,500,
1,2,3,6,14,29,58,118,200,312,425,484,496,497,499,500,
1,3,10,20,38,75,142,246,357,438,489,498,500,
1,1,1,4,11,16,41,86,158,267,383,459,487,499,500,
Generated graph with 500 nodes and 1000 edges


Number of nodes: 500
Number of edge multiples: 6
Infection probability: 0.5
Patient zero: 1
1,2,7,22,65,162,323,469,499,500,
1,3,12,31,78,196,368,483,499,500,
1,3,8,27,79,195,364,478,500,
1,3,10,28,77,191,361,471,498,500,
1,2,5,16,47,140,299,454,496,500,
1,2,7,21,57,144,313,460,498,500,
1,2,6,17,45,114,263,425,488,500,
1,1,3,9,25,71,168,336,467,499,500,
1,3,7,19,61,153,308,445,497,500,
1,3,7,20,54,149,317,449,495,500,
Generated graph with 500 nodes and 1500 edges


Number of nodes: 500
Number of edge multiples: 7
Infection probability: 0.5
Patient zero: 1
1,4,14,36,89,203,381,484,498,500,
1,4,14,44,117,268,434,493,500,
1,3,8,25,69,179,348,476,500,
1,3,7,20,61,151,319,454,494,499,500,
1,4,12,38,112,268,433,499,500,
1,3,11,29,84,214,396,488,500,
1,4,16,42,120,277,446,497,499,500,
1,5,16,49,140,305,446,496,500,
1,4,17,58,152,324,466,499,500,
1,4,14,43,118,295,451,493,500,
Generated graph with 500 nodes and 1500 edges


Number of nodes: 500
Number of edge multiples: 8
Infection probability: 0.5
Patient zero: 1
1,3,9,34,115,328,478,499,500,
1,6,26,95,271,461,500,
1,6,23,82,233,435,497,499,500,
1,8,30,92,266,466,498,500,
1,4,15,55,162,374,492,498,500,
1,4,16,69,205,421,498,500,
1,6,23,77,230,430,500,
1,5,18,60,184,398,490,500,
1,7,32,115,299,469,500,
1,7,24,88,266,464,499,500,
Generated graph with 500 nodes and 2000 edges


Number of nodes: 500
Number of edge multiples: 9
Infection probability: 0.5
Patient zero: 1
1,4,16,63,191,415,494,500,
1,7,28,91,260,462,500,
1,6,22,73,224,432,498,500,
1,4,9,34,112,293,467,499,500,
1,4,16,67,206,417,493,500,
1,6,19,72,234,449,499,500,
1,5,20,67,210,418,496,500,
1,4,15,56,189,385,493,500,
1,3,10,40,154,367,491,500,
1,6,18,53,159,373,494,500,
Generated graph with 500 nodes and 2000 edges


Number of nodes: 500
Number of edge multiples: 10
Infection probability: 0.5
Patient zero: 1
1,7,41,173,415,498,500,
1,7,31,124,368,495,500,
1,8,45,180,442,497,500,
1,7,31,132,373,495,500,
1,8,36,152,394,498,500,
1,8,43,176,428,500,
1,10,44,169,408,497,500,
1,9,45,189,440,500,
1,7,32,132,377,497,500,
1,8,41,146,408,497,499,500,
Generated graph with 500 nodes and 2500 edges


Number of nodes: 1000
Number of edge multiples: 5
Infection probability: 0.5
Patient zero: 1
1,5,14,27,48,91,173,316,529,750,897,970,996,1000,
1,4,11,26,55,107,194,339,555,765,919,983,998,999,999,1000,
1,3,9,21,37,86,154,289,471,696,879,967,993,998,1000,
1,5,9,19,36,68,131,238,404,640,842,951,991,1000,
1,5,12,25,48,101,203,374,592,800,938,985,996,1000,
1,2,5,15,36,69,125,233,381,599,800,931,978,993,999,1000,
1,1,2,6,14,29,62,120,228,408,617,816,940,989,997,998,1000,
1,4,10,22,46,102,207,361,577,782,920,981,997,999,1000,
1,4,8,15,35,72,136,248,430,657,841,950,987,996,1000,
1,4,10,24,48,104,207,360,573,790,925,987,1000,
Generated graph with 1000 nodes and 2000 edges


Number of nodes: 1000
Number of edge multiples: 6
Infection probability: 0.5
Patient zero: 1
1,3,7,25,72,185,439,781,977,999,1000,
1,1,2,8,28,81,204,481,836,981,998,1000,
1,3,7,19,52,144,355,695,944,993,998,1000,
1,4,13,40,105,270,585,898,988,999,1000,
1,3,11,30,83,216,497,841,988,1000,
1,3,11,35,92,233,522,851,979,998,1000,
1,2,6,16,46,121,309,667,935,991,1000,
1,3,11,35,95,225,504,843,989,1000,
1,2,5,13,37,104,266,578,902,989,999,1000,
1,2,7,24,66,172,402,770,972,999,1000,
Generated graph with 1000 nodes and 3000 edges


Number of nodes: 1000
Number of edge multiples: 7
Infection probability: 0.5
Patient zero: 1
1,5,19,66,191,464,810,981,998,1000,
1,7,29,80,213,528,879,991,1000,
1,3,9,28,90,255,572,889,991,1000,
1,5,17,53,144,387,737,952,997,1000,
1,5,22,75,192,458,811,978,1000,
1,5,19,61,189,473,825,983,1000,
1,5,19,63,175,434,813,986,1000,
1,4,14,48,146,361,713,942,997,1000,
1,4,12,41,131,358,733,957,998,1000,
1,4,12,41,124,309,643,922,998,999,1000,
Generated graph with 1000 nodes and 3000 edges


Number of nodes: 1000
Number of edge multiples: 8
Infection probability: 0.5
Patient zero: 1
1,8,28,105,350,769,984,1000,
1,9,40,150,470,888,998,1000,
1,6,28,109,345,757,980,998,999,1000,
1,7,27,106,347,768,986,1000,
1,6,24,102,346,781,985,999,1000,
1,9,34,133,427,856,995,999,1000,
1,3,15,61,227,611,957,999,1000,
1,6,22,81,285,699,969,999,1000,
1,6,29,120,391,837,998,1000,
1,7,28,94,315,748,977,1000,
Generated graph with 1000 nodes and 4000 edges


Number of nodes: 1000
Number of edge multiples: 9
Infection probability: 0.5
Patient zero: 1
1,7,27,100,333,760,976,1000,
1,6,26,104,342,788,980,999,1000,
1,4,21,84,285,700,973,1000,
1,9,34,124,385,846,993,1000,
1,6,29,95,310,746,988,1000,
1,7,26,96,325,749,987,1000,
1,5,21,83,270,677,972,1000,
1,6,20,79,258,674,969,997,1000,
1,9,31,109,354,787,980,1000,
1,5,16,55,195,565,943,999,1000,
Generated graph with 1000 nodes and 4000 edges


Number of nodes: 1000
Number of edge multiples: 10
Infection probability: 0.5
Patient zero: 1
1,3,19,85,339,831,994,1000,
1,5,23,102,386,881,999,1000,
1,6,36,147,506,958,999,1000,
1,5,26,113,420,901,999,1000,
1,4,19,85,325,811,996,1000,
1,5,31,151,505,933,999,1000,
1,5,29,134,474,944,1000,
1,6,33,151,524,942,999,1000,
1,5,17,79,316,796,994,1000,
1,4,17,88,362,842,999,1000,
Generated graph with 1000 nodes and 5000 edges


Number of nodes: 5000
Number of edge multiples: 5
Infection probability: 0.5
Patient zero: 1
1,2,5,12,22,44,84,164,339,678,1280,2243,3429,4380,4832,4966,4991,4998,5000,
1,4,6,12,26,59,133,264,534,1016,1838,2936,4015,4671,4930,4985,4995,4999,5000,
1,3,5,11,23,49,97,210,423,845,1586,2637,3790,4578,4906,4981,4996,4999,5000,
1,4,8,11,25,55,118,246,493,955,1729,2800,3912,4634,4893,4971,4994,4998,4999,5000,
1,1,4,6,16,32,68,147,311,611,1160,2073,3232,4220,4766,4948,4984,4996,4998,4999,5000,
1,2,4,10,21,39,82,167,334,666,1273,2252,3436,4379,4807,4955,4991,4999,5000,
1,3,9,19,36,79,172,380,756,1418,2419,3552,4460,4845,4964,4986,4997,4999,5000,
1,4,9,22,49,98,206,414,835,1549,2590,3771,4556,4862,4971,4993,4999,5000,
1,2,3,5,12,30,58,121,254,503,986,1815,2913,4000,4681,4932,4983,4995,5000,
1,2,5,12,26,54,119,252,526,1043,1899,3068,4131,4738,4943,4979,4994,4999,5000,
Generated graph with 5000 nodes and 10000 edges


Number of nodes: 5000
Number of edge multiples: 6
Infection probability: 0.5
Patient zero: 1
1,6,29,85,250,682,1724,3434,4707,4974,4995,5000,
1,6,19,59,172,491,1311,2892,4447,4947,4996,5000,
1,5,20,68,200,581,1494,3125,4544,4957,5000,
1,4,17,48,131,364,983,2305,4020,4868,4995,5000,
1,4,14,50,152,453,1211,2754,4416,4956,4996,5000,
1,4,13,41,121,356,975,2332,4092,4887,4988,4998,5000,
1,3,11,37,115,343,938,2277,4018,4890,4992,5000,
1,3,11,38,122,346,971,2323,4071,4868,4991,5000,
1,2,4,11,36,112,325,900,2212,4023,4891,4994,4999,5000,
1,4,19,61,162,464,1242,2783,4418,4958,4998,5000,
Generated graph with 5000 nodes and 15000 edges


Number of nodes: 5000
Number of edge multiples: 7
Infection probability: 0.5
Patient zero: 1
1,4,11,35,101,308,839,2051,3831,4851,4991,4999,5000,
1,3,8,23,61,182,530,1379,2976,4495,4961,4999,5000,
1,3,8,27,77,211,604,1568,3247,4604,4968,4999,5000,
1,3,10,28,77,217,596,1542,3176,4592,4961,4999,5000,
1,3,7,19,51,142,413,1148,2554,4235,4922,4995,5000,
1,5,16,48,145,413,1082,2504,4198,4932,4998,5000,
1,2,8,33,95,302,874,2087,3780,4809,4991,4999,5000,
1,4,10,29,86,251,694,1742,3450,4678,4978,4998,5000,
1,4,9,25,74,227,627,1638,3354,4669,4977,4998,5000,
1,4,13,37,107,316,861,2088,3852,4829,4990,5000,
Generated graph with 5000 nodes and 15000 edges


Number of nodes: 5000
Number of edge multiples: 8
Infection probability: 0.5
Patient zero: 1
1,4,18,70,270,988,2779,4639,4991,5000,
1,6,25,98,380,1320,3368,4843,4998,5000,
1,2,11,36,134,485,1589,3716,4904,4997,5000,
1,4,17,73,275,960,2754,4664,4990,5000,
1,4,18,76,305,1070,2942,4707,4990,5000,
1,5,24,91,328,1105,3061,4787,4997,5000,
1,1,3,14,73,305,1091,2980,4748,4990,5000,
1,1,4,21,90,337,1209,3178,4796,4993,5000,
1,4,14,55,226,799,2369,4450,4983,5000,
1,6,26,111,416,1455,3492,4879,4996,5000,
Generated graph with 5000 nodes and 20000 edges


Number of nodes: 5000
Number of edge multiples: 9
Infection probability: 0.5
Patient zero: 1
1,5,25,107,384,1320,3296,4815,4999,5000,
1,6,22,84,327,1181,3116,4793,4997,4999,5000,
1,4,19,71,290,1060,2964,4697,4997,5000,
1,5,23,88,324,1166,3097,4770,4993,5000,
1,7,24,92,386,1354,3414,4864,4998,5000,
1,3,14,50,201,727,2198,4314,4978,4998,5000,
1,6,19,71,276,947,2687,4631,4997,5000,
1,7,32,133,525,1738,3945,4932,4999,5000,
1,4,16,57,218,800,2415,4488,4986,5000,
1,6,24,88,310,1108,3063,4779,4995,5000,
Generated graph with 5000 nodes and 20000 edges


Number of nodes: 5000
Number of edge multiples: 10
Infection probability: 0.5
Patient zero: 1
1,7,43,200,921,3072,4886,4997,5000,
1,7,26,111,527,1970,4362,4995,5000,
1,4,25,112,513,1982,4418,4996,5000,
1,11,55,263,1152,3435,4945,5000,
1,5,22,95,440,1730,4220,4987,5000,
1,3,15,69,320,1309,3740,4971,5000,
1,4,15,63,288,1220,3587,4949,5000,
1,6,33,151,663,2435,4677,4999,5000,
1,8,34,163,720,2532,4734,4998,5000,
1,6,35,175,781,2710,4783,4999,5000,
Generated graph with 5000 nodes and 25000 edges


Number of nodes: 10000
Number of edge multiples: 5
Infection probability: 0.5
Patient zero: 1
1,3,6,13,26,48,93,191,363,710,1431,2656,4609,6972,8815,9706,9941,9985,9996,9999,10000,
1,3,5,10,18,35,70,148,308,625,1213,2337,4127,6456,8475,9541,9905,9980,9998,10000,
1,2,6,13,30,62,118,239,493,1035,1979,3615,5805,8011,9357,9835,9966,9988,10000,
1,2,5,9,22,45,93,198,398,776,1527,2868,4925,7201,8969,9753,9945,9992,9999,9999,10000,
1,4,7,10,18,33,74,167,341,677,1334,2547,4490,6841,8737,9649,9922,9982,9992,9998,10000,
1,2,4,8,13,30,64,145,317,656,1323,2517,4392,6743,8672,9614,9915,9983,9996,10000,
1,3,8,16,33,71,139,286,586,1169,2237,3925,6191,8291,9437,9866,9977,9995,9999,10000,
1,2,4,9,15,28,58,113,229,459,917,1778,3286,5418,7683,9195,9802,9955,9992,10000,
1,3,6,10,18,40,80,168,338,681,1343,2577,4501,6817,8730,9642,9913,9986,9998,10000,
1,2,4,7,14,25,44,87,169,334,682,1348,2514,4382,6660,8640,9624,9916,9982,9997,9999,10000,
Generated graph with 10000 nodes and 20000 edges


Number of nodes: 10000
Number of edge multiples: 6
Infection probability: 0.5
Patient zero: 1
1,3,10,28,75,236,692,1873,4474,7936,9701,9979,9999,9999,10000,
1,5,22,68,197,572,1573,3861,7368,9582,9983,9998,10000,
1,5,17,56,167,491,1401,3553,7036,9486,9970,9996,10000,
1,5,23,68,200,594,1624,4025,7539,9602,9970,9998,10000,
1,5,19,61,181,526,1478,3743,7244,9524,9963,10000,
1,5,14,39,106,313,924,2430,5440,8679,9860,9991,10000,
1,3,11,31,86,247,686,1912,4546,7988,9732,9988,10000,
1,6,18,59,180,520,1451,3704,7219,9550,9972,9999,10000,
1,4,14,54,153,448,1291,3351,6782,9406,9952,9997,10000,
1,4,16,49,142,392,1112,2899,6227,9119,9929,9993,9999,10000,
Generated graph with 10000 nodes and 30000 edges


Number of nodes: 10000
Number of edge multiples: 7
Infection probability: 0.5
Patient zero: 1
1,2,7,22,71,211,615,1745,4186,7665,9636,9981,9998,10000,
1,4,15,51,167,493,1363,3445,6930,9440,9966,9999,10000,
1,5,16,51,157,480,1403,3564,7039,9475,9953,9997,10000,
1,6,19,62,195,589,1677,4126,7721,9663,9985,10000,
1,5,20,62,202,609,1699,4189,7695,9667,9980,9999,10000,
1,6,21,66,203,607,1720,4215,7621,9628,9969,9998,10000,
1,5,13,45,142,424,1205,3127,6518,9225,9940,9998,10000,
1,5,13,42,132,392,1141,2953,6292,9136,9907,9991,10000,
1,6,22,69,207,612,1661,4120,7663,9629,9971,10000,
1,5,16,56,156,443,1269,3302,6717,9295,9941,9996,10000,
Generated graph with 10000 nodes and 30000 edges


Number of nodes: 10000
Number of edge multiples: 8
Infection probability: 0.5
Patient zero: 1
1,6,25,87,314,1120,3559,7867,9871,9995,10000,
1,3,11,44,172,659,2287,6119,9545,9990,10000,
1,7,24,78,291,1040,3357,7682,9859,9998,10000,
1,3,10,34,132,486,1716,5009,9065,9976,9998,10000,
1,4,14,58,226,858,2888,7095,9738,9997,10000,
1,4,17,58,206,783,2642,6692,9646,9987,10000,
1,3,16,52,194,693,2365,6257,9568,9995,10000,
1,5,24,96,342,1252,3903,8203,9928,9999,10000,
1,4,15,59,211,784,2638,6703,9695,9995,10000,
1,5,23,82,290,1044,3383,7722,9850,9999,10000,
Generated graph with 10000 nodes and 40000 edges


Number of nodes: 10000
Number of edge multiples: 9
Infection probability: 0.5
Patient zero: 1
1,3,9,35,130,499,1716,5048,9007,9964,10000,
1,4,13,54,233,896,3030,7214,9770,9993,9999,10000,
1,8,34,126,492,1758,5234,9174,9972,9999,10000,
1,5,21,88,344,1257,4015,8368,9933,10000,
1,3,10,48,200,758,2606,6726,9710,9992,10000,
1,5,22,84,314,1181,3799,8143,9911,9999,10000,
1,4,18,72,257,958,3206,7519,9850,9997,10000,
1,4,21,88,351,1316,4166,8473,9946,9997,10000,
1,9,40,149,563,2068,5780,9417,9981,10000,
1,3,14,61,263,989,3223,7522,9866,9996,9999,10000,
Generated graph with 10000 nodes and 40000 edges


Number of nodes: 10000
Number of edge multiples: 10
Infection probability: 0.5
Patient zero: 1
1,9,56,287,1315,4778,9322,9990,10000,
1,10,61,296,1305,4658,9264,9992,10000,
1,6,36,180,824,3354,8299,9969,10000,
1,8,50,257,1148,4391,9108,9993,10000,
1,7,39,209,990,3900,8747,9987,10000,
1,8,50,228,1041,4028,8819,9982,10000,
1,6,32,147,682,2817,7654,9921,9997,10000,
1,6,28,132,609,2620,7376,9897,9997,10000,
1,6,29,159,744,3043,7959,9960,10000,
1,9,41,202,936,3639,8570,9977,9999,10000,
Generated graph with 10000 nodes and 50000 edges


Number of nodes: 25000
Number of edge multiples: 5
Infection probability: 0.5
Patient zero: 1
1,2,5,13,29,75,168,352,707,1477,2935,5618,10019,15727,20925,23812,24744,24945,24990,24998,24998,25000,
1,3,12,32,81,197,396,815,1670,3279,6270,10996,16783,21526,23965,24761,24947,24992,24998,24999,25000,
1,2,8,18,41,89,182,395,823,1705,3385,6431,11140,16830,21731,24123,24820,24964,24991,24998,24999,24999,25000,
1,4,11,24,60,118,249,518,1070,2138,4229,7884,13180,18903,22889,24456,24876,24976,24999,25000,
1,3,5,12,28,65,150,306,657,1366,2737,5207,9307,14978,20315,23531,24665,24924,24983,24997,25000,
1,2,8,19,41,88,200,437,885,1772,3532,6594,11371,17278,21930,24157,24812,24962,24989,24998,25000,
1,5,18,43,99,214,456,947,1909,3814,7132,12154,17888,22238,24295,24849,24966,24994,24998,24998,24999,25000,
1,1,3,13,33,68,137,301,611,1248,2504,4947,8961,14470,19923,23330,24556,24906,24979,24993,24999,25000,
1,3,11,30,65,137,275,597,1257,2535,4870,8899,14428,19877,23269,24552,24894,24970,24994,24998,25000,
1,3,10,25,55,112,244,522,1069,2152,4282,7961,13342,19052,22941,24459,24874,24974,24996,24998,25000,
Generated graph with 25000 nodes and 50000 edges


Number of nodes: 25000
Number of edge multiples: 6
Infection probability: 0.5
Patient zero: 1
1,7,23,76,247,731,2151,5850,13286,21559,24666,24976,25000,
1,5,24,78,259,783,2307,6169,13754,21805,24654,24981,24997,24999,25000,
1,5,18,55,169,502,1513,4219,10214,18944,24105,24943,24997,25000,
1,4,16,50,169,494,1399,3875,9616,18305,23910,24927,24997,25000,
1,4,14,48,149,447,1336,3821,9522,18279,23902,24905,24994,25000,
1,5,20,68,211,656,1945,5272,12212,20682,24497,24966,24998,25000,
1,3,11,39,126,395,1167,3278,8464,17119,23491,24880,24989,25000,
1,5,25,83,252,739,2110,5618,12946,21304,24598,24973,24998,25000,
1,6,19,58,176,528,1578,4385,10578,19323,24214,24948,24998,24999,25000,
1,5,17,57,186,577,1668,4654,11240,19915,24348,24969,24997,24999,25000,
Generated graph with 25000 nodes and 75000 edges


Number of nodes: 25000
Number of edge multiples: 7
Infection probability: 0.5
Patient zero: 1
1,3,8,29,90,272,819,2443,6554,14368,22132,24729,24983,24998,24999,24999,25000,
1,5,13,34,95,291,883,2600,6813,14757,22422,24788,24988,25000,
1,3,8,15,39,114,354,1060,2988,7685,16015,22979,24825,24989,24999,25000,
1,5,16,50,141,440,1277,3577,9032,17660,23725,24916,24995,25000,
1,3,10,23,64,193,556,1637,4579,11032,19868,24307,24955,24997,25000,
1,1,4,10,33,75,233,702,1999,5390,12478,20896,24527,24957,25000,
1,4,11,34,104,316,967,2785,7283,15446,22662,24794,24985,24999,25000,
1,2,3,8,20,50,142,436,1332,3736,9411,18177,23820,24916,24994,25000,
1,6,18,53,157,466,1390,3906,9715,18371,23873,24915,24989,24998,25000,
1,6,18,44,135,391,1155,3293,8459,17050,23480,24871,24992,24999,25000,
Generated graph with 25000 nodes and 75000 edges


Number of nodes: 25000
Number of edge multiples: 8
Infection probability: 0.5
Patient zero: 1
1,8,32,122,455,1748,6019,15923,23938,24976,24999,25000,
1,4,17,56,209,762,2800,9016,19751,24687,24996,25000,
1,3,14,59,221,848,3152,9744,20478,24791,24995,24999,25000,
1,7,24,82,316,1195,4323,12712,22754,24931,24998,25000,
1,8,29,102,409,1546,5371,14770,23542,24965,25000,
1,4,21,78,317,1198,4330,12785,22789,24947,25000,
1,5,18,76,277,986,3610,11060,21547,24881,24998,25000,
1,9,32,117,424,1617,5686,15408,23774,24979,25000,
1,5,19,71,274,1052,3733,11357,21786,24859,24994,24999,25000,
1,3,11,42,173,653,2442,8067,18830,24611,24997,24999,25000,
Generated graph with 25000 nodes and 100000 edges


Number of nodes: 25000
Number of edge multiples: 9
Infection probability: 0.5
Patient zero: 1
1,5,17,67,263,995,3614,11156,21670,24880,24997,25000,
1,4,12,39,149,576,2150,7231,17787,24404,24990,25000,
1,6,20,72,270,1028,3713,11368,21788,24882,24995,25000,
1,5,16,64,239,875,3199,9967,20652,24792,24997,25000,
1,5,20,78,269,987,3595,11119,21674,24895,24999,25000,
1,8,36,125,478,1781,6195,16060,24024,24985,25000,
1,2,10,32,123,495,1878,6427,16570,24092,24984,24999,25000,
1,3,14,58,214,801,2940,9367,20166,24761,24996,25000,
1,7,23,82,343,1295,4529,13110,22928,24936,24998,25000,
1,3,16,62,235,870,3096,9858,20619,24788,24992,24999,25000,
Generated graph with 25000 nodes and 100000 edges


Number of nodes: 25000
Number of edge multiples: 10
Infection probability: 0.5
Patient zero: 1
1,7,41,177,805,3593,12688,23605,24995,25000,
1,5,19,74,386,1729,7128,19380,24858,25000,
1,4,19,93,434,1954,7844,20060,24893,25000,
1,5,26,115,519,2365,9244,21501,24935,25000,
1,8,39,181,822,3674,13008,23746,24995,25000,
1,6,32,155,708,3227,11824,23221,24986,25000,
1,7,40,190,910,3949,13587,23907,24994,25000,
1,8,34,168,770,3511,12437,23442,24985,25000,
1,10,41,179,811,3593,12696,23597,24992,25000,
1,6,32,161,765,3422,12290,23409,24986,25000,
Generated graph with 25000 nodes and 125000 edges


Number of nodes: 50000
Number of edge multiples: 5
Infection probability: 0.5
Patient zero: 1
1,4,7,13,31,71,142,284,586,1190,2388,4807,9343,16848,27519,38750,46118,49065,49820,49963,49991,49997,49999,50000,
1,3,6,14,31,70,152,314,648,1331,2700,5395,10472,18800,30049,40837,47108,49344,49857,49973,49992,50000,
1,2,2,6,13,22,50,108,220,479,1016,2122,4252,8295,15240,25684,37191,45370,48816,49738,49947,49994,49997,49999,50000,
1,4,7,13,27,63,128,259,531,1081,2239,4517,8836,16282,26972,38281,45844,48970,49799,49964,49989,49999,50000,
1,3,7,17,40,90,195,417,848,1748,3570,6964,13190,22649,34220,43641,48209,49613,49922,49987,49996,50000,
1,2,4,7,15,34,71,138,283,571,1187,2420,4928,9539,17315,28224,39361,46391,49090,49791,49952,49992,49997,49998,49999,49999,50000,
1,2,4,8,18,39,86,185,356,748,1542,3109,6170,11696,20582,32050,42269,47762,49512,49896,49981,49995,49998,50000,
1,4,10,21,45,90,177,391,796,1603,3236,6474,12300,21641,33105,42990,48014,49595,49900,49979,49995,50000,
1,4,8,18,38,81,160,326,663,1378,2817,5689,10861,19335,30604,41118,47295,49379,49888,49978,49996,50000,
1,2,6,16,37,73,159,349,723,1498,3087,6182,11810,20815,32289,42233,47648,49492,49896,49980,49996,49998,49999,50000,
Generated graph with 50000 nodes and 100000 edges


Number of nodes: 50000
Number of edge multiples: 6
Infection probability: 0.5
Patient zero: 1
1,4,14,51,161,503,1443,4151,11291,26009,42633,49225,49939,49994,49997,49999,50000,
1,5,16,46,131,382,1098,3204,8772,21228,38704,48411,49882,49992,49999,50000,
1,3,11,32,98,291,896,2641,7442,18592,35942,47582,49856,49988,50000,
1,4,21,63,190,573,1721,5050,13395,29110,44512,49452,49959,49996,50000,
1,3,8,29,82,257,747,2184,6098,15676,32423,46235,49723,49986,49999,50000,
1,5,17,53,169,500,1485,4260,11528,26257,42741,49204,49950,49995,49999,50000,
1,3,12,42,128,409,1210,3499,9549,22716,40076,48680,49903,49995,50000,
1,3,13,54,174,526,1542,4358,11688,26427,42881,49280,49952,49996,50000,
1,3,13,44,129,389,1181,3411,9447,22739,40129,48713,49920,49995,49999,50000,
1,5,17,59,189,582,1750,4995,13247,28840,44504,49451,49968,49999,50000,
Generated graph with 50000 nodes and 150000 edges


Number of nodes: 50000
Number of edge multiples: 7
Infection probability: 0.5
Patient zero: 1
1,3,11,30,75,231,681,1997,5627,14727,31164,45597,49627,49976,49998,50000,
1,5,16,35,90,255,755,2164,6093,15724,32393,46222,49705,49983,49998,50000,
1,7,25,75,223,643,1862,5253,13801,29825,44974,49534,49973,49998,50000,
1,5,16,48,135,384,1140,3298,9051,21797,39339,48532,49911,49991,50000,
1,5,18,45,121,391,1167,3348,9228,22052,39537,48562,49891,49989,49999,50000,
1,4,17,46,132,385,1140,3294,9026,21816,39114,48466,49894,49992,49999,50000,
1,5,15,56,168,465,1373,3951,10754,24936,41862,49085,49937,49995,49999,49999,49999,50000,
1,5,17,48,127,382,1139,3297,8993,21655,39081,48499,49881,49986,50000,
1,7,16,44,123,358,1041,2969,8217,20294,37780,48122,49875,49985,49998,50000,
1,6,26,75,212,605,1802,5135,13465,29132,44652,49545,49977,49998,50000,
Generated graph with 50000 nodes and 150000 edges


Number of nodes: 50000
Number of edge multiples: 8
Infection probability: 0.5
Patient zero: 1
1,3,13,46,179,707,2630,9297,26654,45931,49878,49997,50000,
1,5,18,73,268,991,3717,12775,32794,48200,49964,50000,
1,6,30,119,430,1682,6117,19408,41088,49584,49993,50000,
1,6,23,102,396,1552,5678,18279,39978,49469,49989,49998,50000,
1,3,12,55,213,836,3135,10816,29485,47184,49946,50000,
1,3,14,52,184,704,2687,9541,27233,46232,49902,49997,50000,
1,4,14,57,232,919,3513,12081,31583,47868,49956,50000,
1,6,31,119,504,1918,6879,21252,42577,49730,49997,50000,
1,5,20,69,264,959,3656,12379,32177,48030,49958,50000,
1,6,26,103,395,1421,5252,17149,38815,49324,49987,50000,
Generated graph with 50000 nodes and 200000 edges


Number of nodes: 50000
Number of edge multiples: 9
Infection probability: 0.5
Patient zero: 1
1,4,21,76,299,1126,4121,14055,34795,48686,49964,49999,50000,
1,6,25,85,329,1233,4520,15019,35967,48876,49981,50000,
1,2,9,37,151,601,2305,8318,24530,44795,49842,49993,50000,
1,5,14,47,189,721,2693,9589,27196,46286,49914,49997,50000,
1,5,21,82,323,1256,4608,15284,36483,49010,49977,50000,
1,4,11,39,159,624,2366,8614,25289,45299,49862,49995,50000,
1,3,10,38,141,543,2103,7723,23361,44039,49825,49997,50000,
1,5,22,84,315,1247,4631,15455,36680,48978,49981,50000,
1,4,17,58,211,793,2956,10445,28860,46970,49940,49998,50000,
1,3,11,37,127,475,1795,6468,20376,41802,49621,49994,50000,
Generated graph with 50000 nodes and 200000 edges


Number of nodes: 50000
Number of edge multiples: 10
Infection probability: 0.5
Patient zero: 1
1,6,27,125,607,2819,12021,35349,49408,49996,50000,
1,6,30,147,725,3301,13730,37886,49626,49997,50000,
1,8,32,154,731,3426,14066,38282,49701,49999,50000,
1,7,30,143,669,3136,13171,37099,49599,49997,50000,
1,4,21,100,482,2228,9562,30865,48782,49991,50000,
1,6,25,115,518,2478,10691,33109,49106,49995,50000,
1,4,23,88,407,1869,8128,27725,47971,49987,50000,
1,5,24,111,502,2360,10150,31944,48936,49990,49999,50000,
1,8,41,191,875,4025,16100,40743,49837,49999,50000,
1,8,35,158,739,3383,14026,38419,49671,49998,50000,
Generated graph with 50000 nodes and 250000 edges
